{"/home/travis/build/npmtest/node-npmtest-documentation/test.js":{"path":"/home/travis/build/npmtest/node-npmtest-documentation/test.js","s":{"1":2,"2":2,"3":2,"4":2,"5":2,"6":2,"7":2,"8":1,"9":2,"10":2,"11":1,"12":1,"13":1,"14":1,"15":2,"16":2,"17":2,"18":2,"19":1,"20":1,"21":2,"22":2,"23":2,"24":1,"25":1,"26":1,"27":1,"28":1,"29":1,"30":1,"31":1,"32":1,"33":1,"34":1,"35":1,"36":1,"37":2,"38":2,"39":1,"40":2,"41":2,"42":1,"43":2,"44":2,"45":1,"46":2,"47":2,"48":1,"49":1,"50":1,"51":1,"52":1},"b":{"1":[2,1,1,1],"2":[1,1,1,1],"3":[1,1],"4":[1,1],"5":[1,1],"6":[1,1],"7":[1,1],"8":[1,1],"9":[1,1,1],"10":[1,1],"11":[1,1],"12":[1,1],"13":[1,1],"14":[1,1],"15":[1,1],"16":[1,1]},"f":{"1":2,"2":2,"3":2,"4":2,"5":2,"6":1,"7":1,"8":2,"9":2,"10":2,"11":2,"12":1},"fnMap":{"1":{"name":"(anonymous_1)","line":12,"loc":{"start":{"line":12,"column":1},"end":{"line":12,"column":13}}},"2":{"name":"(anonymous_2)","line":19,"loc":{"start":{"line":19,"column":5},"end":{"line":19,"column":17}}},"3":{"name":"(anonymous_3)","line":23,"loc":{"start":{"line":23,"column":24},"end":{"line":23,"column":36}}},"4":{"name":"(anonymous_4)","line":61,"loc":{"start":{"line":61,"column":5},"end":{"line":61,"column":17}}},"5":{"name":"(anonymous_5)","line":82,"loc":{"start":{"line":82,"column":5},"end":{"line":82,"column":17}}},"6":{"name":"(anonymous_6)","line":102,"loc":{"start":{"line":102,"column":83},"end":{"line":105,"column":10}},"skip":true},"7":{"name":"(anonymous_7)","line":113,"loc":{"start":{"line":113,"column":77},"end":{"line":116,"column":10}},"skip":true},"8":{"name":"(anonymous_8)","line":129,"loc":{"start":{"line":129,"column":12},"end":{"line":129,"column":40}},"skip":true},"9":{"name":"(anonymous_9)","line":137,"loc":{"start":{"line":137,"column":77},"end":{"line":140,"column":10}},"skip":true},"10":{"name":"(anonymous_10)","line":148,"loc":{"start":{"line":148,"column":83},"end":{"line":151,"column":10}},"skip":true},"11":{"name":"(anonymous_11)","line":159,"loc":{"start":{"line":159,"column":79},"end":{"line":162,"column":10}},"skip":true},"12":{"name":"(anonymous_12)","line":170,"loc":{"start":{"line":170,"column":75},"end":{"line":173,"column":10}},"skip":true}},"statementMap":{"1":{"start":{"line":12,"column":0},"end":{"line":185,"column":5}},"2":{"start":{"line":14,"column":4},"end":{"line":14,"column":14}},"3":{"start":{"line":19,"column":4},"end":{"line":56,"column":9}},"4":{"start":{"line":21,"column":8},"end":{"line":21,"column":19}},"5":{"start":{"line":23,"column":8},"end":{"line":35,"column":13}},"6":{"start":{"line":24,"column":12},"end":{"line":34,"column":13}},"7":{"start":{"line":25,"column":16},"end":{"line":28,"column":30}},"8":{"start":{"line":30,"column":16},"end":{"line":33,"column":27}},"9":{"start":{"line":37,"column":8},"end":{"line":39,"column":21}},"10":{"start":{"line":40,"column":8},"end":{"line":53,"column":9}},"11":{"start":{"line":43,"column":12},"end":{"line":46,"column":14}},"12":{"start":{"line":47,"column":12},"end":{"line":47,"column":18}},"13":{"start":{"line":50,"column":12},"end":{"line":51,"column":46}},"14":{"start":{"line":52,"column":12},"end":{"line":52,"column":18}},"15":{"start":{"line":55,"column":8},"end":{"line":55,"column":35}},"16":{"start":{"line":61,"column":4},"end":{"line":63,"column":9}},"17":{"start":{"line":62,"column":8},"end":{"line":62,"column":15}},"18":{"start":{"line":64,"column":4},"end":{"line":77,"column":5}},"19":{"start":{"line":70,"column":8},"end":{"line":70,"column":14}},"20":{"start":{"line":76,"column":8},"end":{"line":76,"column":14}},"21":{"start":{"line":82,"column":4},"end":{"line":84,"column":9}},"22":{"start":{"line":83,"column":8},"end":{"line":83,"column":15}},"23":{"start":{"line":85,"column":4},"end":{"line":184,"column":5}},"24":{"start":{"line":92,"column":8},"end":{"line":94,"column":63}},"25":{"start":{"line":95,"column":8},"end":{"line":95,"column":14}},"26":{"start":{"line":102,"column":8},"end":{"line":111,"column":10},"skip":true},"27":{"start":{"line":109,"column":12},"end":{"line":109,"column":55},"skip":true},"28":{"start":{"line":110,"column":12},"end":{"line":110,"column":48},"skip":true},"29":{"start":{"line":113,"column":8},"end":{"line":126,"column":10},"skip":true},"30":{"start":{"line":120,"column":12},"end":{"line":120,"column":76},"skip":true},"31":{"start":{"line":121,"column":12},"end":{"line":121,"column":73},"skip":true},"32":{"start":{"line":122,"column":12},"end":{"line":122,"column":74},"skip":true},"33":{"start":{"line":123,"column":12},"end":{"line":123,"column":79},"skip":true},"34":{"start":{"line":124,"column":12},"end":{"line":124,"column":25},"skip":true},"35":{"start":{"line":125,"column":12},"end":{"line":125,"column":45},"skip":true},"36":{"start":{"line":128,"column":8},"end":{"line":135,"column":14},"skip":true},"37":{"start":{"line":133,"column":16},"end":{"line":133,"column":29},"skip":true},"38":{"start":{"line":134,"column":16},"end":{"line":134,"column":55},"skip":true},"39":{"start":{"line":137,"column":8},"end":{"line":146,"column":10},"skip":true},"40":{"start":{"line":144,"column":12},"end":{"line":144,"column":25},"skip":true},"41":{"start":{"line":145,"column":12},"end":{"line":145,"column":45},"skip":true},"42":{"start":{"line":148,"column":8},"end":{"line":157,"column":10},"skip":true},"43":{"start":{"line":155,"column":12},"end":{"line":155,"column":25},"skip":true},"44":{"start":{"line":156,"column":12},"end":{"line":156,"column":48},"skip":true},"45":{"start":{"line":159,"column":8},"end":{"line":168,"column":10},"skip":true},"46":{"start":{"line":166,"column":12},"end":{"line":166,"column":25},"skip":true},"47":{"start":{"line":167,"column":12},"end":{"line":167,"column":46},"skip":true},"48":{"start":{"line":170,"column":8},"end":{"line":179,"column":10},"skip":true},"49":{"start":{"line":177,"column":12},"end":{"line":177,"column":94},"skip":true},"50":{"start":{"line":178,"column":12},"end":{"line":178,"column":48},"skip":true},"51":{"start":{"line":182,"column":8},"end":{"line":182,"column":35},"skip":true},"52":{"start":{"line":183,"column":8},"end":{"line":183,"column":14},"skip":true}},"branchMap":{"1":{"line":25,"type":"binary-expr","locations":[{"start":{"line":25,"column":23},"end":{"line":25,"column":62}},{"start":{"line":26,"column":20},"end":{"line":26,"column":70}},{"start":{"line":27,"column":20},"end":{"line":27,"column":71}},{"start":{"line":28,"column":20},"end":{"line":28,"column":29}}]},"2":{"line":30,"type":"binary-expr","locations":[{"start":{"line":30,"column":23},"end":{"line":30,"column":37}},{"start":{"line":31,"column":20},"end":{"line":31,"column":61}},{"start":{"line":32,"column":20},"end":{"line":32,"column":70}},{"start":{"line":33,"column":20},"end":{"line":33,"column":26}}]},"3":{"line":37,"type":"cond-expr","locations":[{"start":{"line":38,"column":14},"end":{"line":38,"column":20}},{"start":{"line":39,"column":14},"end":{"line":39,"column":20}}]},"4":{"line":40,"type":"switch","locations":[{"start":{"line":42,"column":8},"end":{"line":47,"column":18}},{"start":{"line":49,"column":8},"end":{"line":52,"column":18}}]},"5":{"line":44,"type":"binary-expr","locations":[{"start":{"line":44,"column":16},"end":{"line":44,"column":44}},{"start":{"line":44,"column":48},"end":{"line":44,"column":66}}]},"6":{"line":50,"type":"binary-expr","locations":[{"start":{"line":50,"column":21},"end":{"line":50,"column":49}},{"start":{"line":50,"column":53},"end":{"line":50,"column":72}}]},"7":{"line":64,"type":"switch","locations":[{"start":{"line":69,"column":4},"end":{"line":70,"column":14}},{"start":{"line":75,"column":4},"end":{"line":76,"column":14}}]},"8":{"line":85,"type":"switch","locations":[{"start":{"line":90,"column":4},"end":{"line":95,"column":14}},{"start":{"line":101,"column":4},"end":{"line":183,"column":14},"skip":true}]},"9":{"line":92,"type":"binary-expr","locations":[{"start":{"line":92,"column":18},"end":{"line":92,"column":32}},{"start":{"line":93,"column":12},"end":{"line":93,"column":53}},{"start":{"line":94,"column":12},"end":{"line":94,"column":61}}]},"10":{"line":102,"type":"binary-expr","locations":[{"start":{"line":102,"column":45},"end":{"line":102,"column":79},"skip":true},{"start":{"line":102,"column":83},"end":{"line":111,"column":9},"skip":true}]},"11":{"line":113,"type":"binary-expr","locations":[{"start":{"line":113,"column":42},"end":{"line":113,"column":73},"skip":true},{"start":{"line":113,"column":77},"end":{"line":126,"column":9},"skip":true}]},"12":{"line":128,"type":"binary-expr","locations":[{"start":{"line":128,"column":48},"end":{"line":128,"column":85},"skip":true},{"start":{"line":129,"column":12},"end":{"line":135,"column":13},"skip":true}]},"13":{"line":137,"type":"binary-expr","locations":[{"start":{"line":137,"column":42},"end":{"line":137,"column":73},"skip":true},{"start":{"line":137,"column":77},"end":{"line":146,"column":9},"skip":true}]},"14":{"line":148,"type":"binary-expr","locations":[{"start":{"line":148,"column":45},"end":{"line":148,"column":79},"skip":true},{"start":{"line":148,"column":83},"end":{"line":157,"column":9},"skip":true}]},"15":{"line":159,"type":"binary-expr","locations":[{"start":{"line":159,"column":43},"end":{"line":159,"column":75},"skip":true},{"start":{"line":159,"column":79},"end":{"line":168,"column":9},"skip":true}]},"16":{"line":170,"type":"binary-expr","locations":[{"start":{"line":170,"column":41},"end":{"line":170,"column":71},"skip":true},{"start":{"line":170,"column":75},"end":{"line":179,"column":9},"skip":true}]}},"code":["/* istanbul instrument in package npmtest_documentation */","/*jslint","    bitwise: true,","    browser: true,","    maxerr: 8,","    maxlen: 96,","    node: true,","    nomen: true,","    regexp: true,","    stupid: true","*/","(function () {","    'use strict';","    var local;","","","","    // run shared js-env code - pre-init","    (function () {","        // init local","        local = {};","        // init modeJs","        local.modeJs = (function () {","            try {","                return typeof navigator.userAgent === 'string' &&","                    typeof document.querySelector('body') === 'object' &&","                    typeof XMLHttpRequest.prototype.open === 'function' &&","                    'browser';","            } catch (errorCaughtBrowser) {","                return module.exports &&","                    typeof process.versions.node === 'string' &&","                    typeof require('http').createServer === 'function' &&","                    'node';","            }","        }());","        // init global","        local.global = local.modeJs === 'browser'","            ? window","            : global;","        switch (local.modeJs) {","        // re-init local from window.local","        case 'browser':","            local = local.global.utility2.objectSetDefault(","                local.global.utility2_rollup || local.global.local,","                local.global.utility2","            );","            break;","        // re-init local from example.js","        case 'node':","            local = (local.global.utility2_rollup || require('utility2'))","                .requireExampleJsFromReadme();","            break;","        }","        // export local","        local.global.local = local;","    }());","","","","    // run shared js-env code - function","    (function () {","        return;","    }());","    switch (local.modeJs) {","","","","    // run browser js-env code - function","    case 'browser':","        break;","","","","    // run node js-env code - function","    case 'node':","        break;","    }","","","","    // run shared js-env code - post-init","    (function () {","        return;","    }());","    switch (local.modeJs) {","","","","    // run browser js-env code - post-init","    case 'browser':","        // run tests","        local.nop(local.modeTest &&","            document.querySelector('#testRunButton1') &&","            document.querySelector('#testRunButton1').click());","        break;","","","","    // run node js-env code - post-init","    /* istanbul ignore next */","    case 'node':","        local.testCase_buildApidoc_default = local.testCase_buildApidoc_default || function (","            options,","            onError","        ) {","        /*","         * this function will test buildApidoc's default handling-behavior-behavior","         */","            options = { modulePathList: module.paths };","            local.buildApidoc(options, onError);","        };","","        local.testCase_buildApp_default = local.testCase_buildApp_default || function (","            options,","            onError","        ) {","        /*","         * this function will test buildApp's default handling-behavior-behavior","         */","            local.testCase_buildReadme_default(options, local.onErrorThrow);","            local.testCase_buildLib_default(options, local.onErrorThrow);","            local.testCase_buildTest_default(options, local.onErrorThrow);","            local.testCase_buildCustomOrg_default(options, local.onErrorThrow);","            options = [];","            local.buildApp(options, onError);","        };","","        local.testCase_buildCustomOrg_default = local.testCase_buildCustomOrg_default ||","            function (options, onError) {","            /*","             * this function will test buildCustomOrg's default handling-behavior","             */","                options = {};","                local.buildCustomOrg(options, onError);","            };","","        local.testCase_buildLib_default = local.testCase_buildLib_default || function (","            options,","            onError","        ) {","        /*","         * this function will test buildLib's default handling-behavior","         */","            options = {};","            local.buildLib(options, onError);","        };","","        local.testCase_buildReadme_default = local.testCase_buildReadme_default || function (","            options,","            onError","        ) {","        /*","         * this function will test buildReadme's default handling-behavior-behavior","         */","            options = {};","            local.buildReadme(options, onError);","        };","","        local.testCase_buildTest_default = local.testCase_buildTest_default || function (","            options,","            onError","        ) {","        /*","         * this function will test buildTest's default handling-behavior","         */","            options = {};","            local.buildTest(options, onError);","        };","","        local.testCase_webpage_default = local.testCase_webpage_default || function (","            options,","            onError","        ) {","        /*","         * this function will test webpage's default handling-behavior","         */","            options = { modeCoverageMerge: true, url: local.serverLocalHost + '?modeTest=1' };","            local.browserTest(options, onError);","        };","","        // run test-server","        local.testRunServer(local);","        break;","    }","}());",""],"l":{"12":2,"14":2,"19":2,"21":2,"23":2,"24":2,"25":2,"30":1,"37":2,"40":2,"43":1,"47":1,"50":1,"52":1,"55":2,"61":2,"62":2,"64":2,"70":1,"76":1,"82":2,"83":2,"85":2,"92":1,"95":1,"102":1,"109":1,"110":1,"113":1,"120":1,"121":1,"122":1,"123":1,"124":1,"125":1,"128":1,"133":2,"134":2,"137":1,"144":2,"145":2,"148":1,"155":2,"156":2,"159":1,"166":2,"167":2,"170":1,"177":1,"178":1,"182":1,"183":1}},"/home/travis/build/npmtest/node-npmtest-documentation/lib.npmtest_documentation.js":{"path":"/home/travis/build/npmtest/node-npmtest-documentation/lib.npmtest_documentation.js","s":{"1":2,"2":2,"3":2,"4":2,"5":2,"6":2,"7":2,"8":1,"9":2,"10":2,"11":2,"12":2,"13":1,"14":1,"15":1,"16":1},"b":{"1":[2,1,1,1],"2":[1,1,1,1],"3":[1,1],"4":[2,2],"5":[1,1]},"f":{"1":2,"2":2,"3":2},"fnMap":{"1":{"name":"(anonymous_1)","line":12,"loc":{"start":{"line":12,"column":1},"end":{"line":12,"column":13}}},"2":{"name":"(anonymous_2)","line":19,"loc":{"start":{"line":19,"column":5},"end":{"line":19,"column":17}}},"3":{"name":"(anonymous_3)","line":23,"loc":{"start":{"line":23,"column":24},"end":{"line":23,"column":36}}}},"statementMap":{"1":{"start":{"line":12,"column":0},"end":{"line":53,"column":5}},"2":{"start":{"line":14,"column":4},"end":{"line":14,"column":14}},"3":{"start":{"line":19,"column":4},"end":{"line":52,"column":9}},"4":{"start":{"line":21,"column":8},"end":{"line":21,"column":19}},"5":{"start":{"line":23,"column":8},"end":{"line":35,"column":13}},"6":{"start":{"line":24,"column":12},"end":{"line":34,"column":13}},"7":{"start":{"line":25,"column":16},"end":{"line":28,"column":30}},"8":{"start":{"line":30,"column":16},"end":{"line":33,"column":27}},"9":{"start":{"line":37,"column":8},"end":{"line":39,"column":21}},"10":{"start":{"line":41,"column":8},"end":{"line":41,"column":54}},"11":{"start":{"line":43,"column":8},"end":{"line":43,"column":58}},"12":{"start":{"line":45,"column":8},"end":{"line":51,"column":9}},"13":{"start":{"line":46,"column":12},"end":{"line":46,"column":64}},"14":{"start":{"line":48,"column":12},"end":{"line":48,"column":35}},"15":{"start":{"line":49,"column":12},"end":{"line":49,"column":49}},"16":{"start":{"line":50,"column":12},"end":{"line":50,"column":43}}},"branchMap":{"1":{"line":25,"type":"binary-expr","locations":[{"start":{"line":25,"column":23},"end":{"line":25,"column":62}},{"start":{"line":26,"column":20},"end":{"line":26,"column":70}},{"start":{"line":27,"column":20},"end":{"line":27,"column":71}},{"start":{"line":28,"column":20},"end":{"line":28,"column":29}}]},"2":{"line":30,"type":"binary-expr","locations":[{"start":{"line":30,"column":23},"end":{"line":30,"column":37}},{"start":{"line":31,"column":20},"end":{"line":31,"column":61}},{"start":{"line":32,"column":20},"end":{"line":32,"column":70}},{"start":{"line":33,"column":20},"end":{"line":33,"column":26}}]},"3":{"line":37,"type":"cond-expr","locations":[{"start":{"line":38,"column":14},"end":{"line":38,"column":20}},{"start":{"line":39,"column":14},"end":{"line":39,"column":20}}]},"4":{"line":41,"type":"binary-expr","locations":[{"start":{"line":41,"column":16},"end":{"line":41,"column":44}},{"start":{"line":41,"column":48},"end":{"line":41,"column":53}}]},"5":{"line":45,"type":"if","locations":[{"start":{"line":45,"column":8},"end":{"line":45,"column":8}},{"start":{"line":45,"column":8},"end":{"line":45,"column":8}}]}},"code":["/* istanbul instrument in package npmtest_documentation */","/*jslint","    bitwise: true,","    browser: true,","    maxerr: 8,","    maxlen: 96,","    node: true,","    nomen: true,","    regexp: true,","    stupid: true","*/","(function () {","    'use strict';","    var local;","","","","    // run shared js-env code - pre-init","    (function () {","        // init local","        local = {};","        // init modeJs","        local.modeJs = (function () {","            try {","                return typeof navigator.userAgent === 'string' &&","                    typeof document.querySelector('body') === 'object' &&","                    typeof XMLHttpRequest.prototype.open === 'function' &&","                    'browser';","            } catch (errorCaughtBrowser) {","                return module.exports &&","                    typeof process.versions.node === 'string' &&","                    typeof require('http').createServer === 'function' &&","                    'node';","            }","        }());","        // init global","        local.global = local.modeJs === 'browser'","            ? window","            : global;","        // init utility2_rollup","        local = local.global.utility2_rollup || local;","        // init lib","        local.local = local.npmtest_documentation = local;","        // init exports","        if (local.modeJs === 'browser') {","            local.global.utility2_npmtest_documentation = local;","        } else {","            module.exports = local;","            module.exports.__dirname = __dirname;","            module.exports.module = module;","        }","    }());","}());",""],"l":{"12":2,"14":2,"19":2,"21":2,"23":2,"24":2,"25":2,"30":1,"37":2,"41":2,"43":2,"45":2,"46":1,"48":1,"49":1,"50":1}},"/home/travis/build/npmtest/node-npmtest-documentation/example.js":{"path":"/home/travis/build/npmtest/node-npmtest-documentation/example.js","s":{"1":2,"2":2,"3":2,"4":2,"5":2,"6":2,"7":2,"8":1,"9":2,"10":2,"11":2,"12":2,"13":1,"14":2,"15":2,"16":2,"17":2,"18":2,"19":0,"20":2,"21":1,"22":1,"23":1,"24":1,"25":1,"26":0,"27":0,"28":1,"29":1,"30":2,"31":0,"32":0,"33":0,"34":1,"35":2,"36":2,"37":2,"38":2,"39":2,"40":2,"41":0,"42":2,"43":2,"44":2,"45":1,"46":3,"47":1,"48":1,"49":1,"50":1,"51":1,"52":1,"53":1,"54":1,"55":1,"56":1,"57":0,"58":1,"59":6,"60":6,"61":1,"62":2,"63":0,"64":2,"65":1,"66":1,"67":0,"68":0,"69":0,"70":0,"71":0,"72":0,"73":0,"74":0,"75":0,"76":0,"77":0,"78":0,"79":0,"80":0,"81":0,"82":0,"83":0},"b":{"1":[2,1,1,1],"2":[1,1,1,1],"3":[1,1],"4":[2,2],"5":[1,1],"6":[1,1],"7":[2,0],"8":[2,1,1,1,1,1],"9":[0,2,0],"10":[1,1],"11":[2,1,1],"12":[1,0],"13":[0,2],"14":[2,0,0,0,0,0,0],"15":[0,2],"16":[2,0],"17":[1,1],"18":[0,1],"19":[1,2,0,2],"20":[1,0],"21":[1,1],"22":[0,0],"23":[0,0],"24":[0,0],"25":[0,0],"26":[0,0],"27":[0,0],"28":[0,0]},"f":{"1":2,"2":2,"3":2,"4":2,"5":2,"6":2,"7":2,"8":2,"9":3,"10":1,"11":6,"12":0},"fnMap":{"1":{"name":"(anonymous_1)","line":26,"loc":{"start":{"line":26,"column":1},"end":{"line":26,"column":13}}},"2":{"name":"(anonymous_2)","line":33,"loc":{"start":{"line":33,"column":5},"end":{"line":33,"column":17}}},"3":{"name":"(anonymous_3)","line":37,"loc":{"start":{"line":37,"column":24},"end":{"line":37,"column":36}}},"4":{"name":"(anonymous_4)","line":69,"loc":{"start":{"line":69,"column":31},"end":{"line":69,"column":48}},"skip":true},"5":{"name":"(anonymous_5)","line":78,"loc":{"start":{"line":78,"column":26},"end":{"line":78,"column":45}},"skip":true},"6":{"name":"(anonymous_6)","line":123,"loc":{"start":{"line":123,"column":33},"end":{"line":123,"column":48}},"skip":true},"7":{"name":"(anonymous_7)","line":125,"loc":{"start":{"line":125,"column":27},"end":{"line":125,"column":39}},"skip":true},"8":{"name":"(anonymous_8)","line":133,"loc":{"start":{"line":133,"column":59},"end":{"line":133,"column":74}},"skip":true},"9":{"name":"(anonymous_9)","line":143,"loc":{"start":{"line":143,"column":45},"end":{"line":143,"column":62}},"skip":true},"10":{"name":"(anonymous_10)","line":144,"loc":{"start":{"line":144,"column":73},"end":{"line":144,"column":92}},"skip":true},"11":{"name":"(anonymous_11)","line":272,"loc":{"start":{"line":272,"column":51},"end":{"line":272,"column":77}},"skip":true},"12":{"name":"(anonymous_12)","line":314,"loc":{"start":{"line":314,"column":32},"end":{"line":314,"column":61}},"skip":true}},"statementMap":{"1":{"start":{"line":26,"column":0},"end":{"line":325,"column":5}},"2":{"start":{"line":28,"column":4},"end":{"line":28,"column":14}},"3":{"start":{"line":33,"column":4},"end":{"line":60,"column":9}},"4":{"start":{"line":35,"column":8},"end":{"line":35,"column":19}},"5":{"start":{"line":37,"column":8},"end":{"line":49,"column":13}},"6":{"start":{"line":38,"column":12},"end":{"line":48,"column":13}},"7":{"start":{"line":39,"column":16},"end":{"line":42,"column":30}},"8":{"start":{"line":44,"column":16},"end":{"line":47,"column":27}},"9":{"start":{"line":51,"column":8},"end":{"line":53,"column":21}},"10":{"start":{"line":55,"column":8},"end":{"line":57,"column":45}},"11":{"start":{"line":59,"column":8},"end":{"line":59,"column":35}},"12":{"start":{"line":61,"column":4},"end":{"line":324,"column":5}},"13":{"start":{"line":69,"column":8},"end":{"line":121,"column":10},"skip":true},"14":{"start":{"line":70,"column":12},"end":{"line":88,"column":13},"skip":true},"15":{"start":{"line":76,"column":16},"end":{"line":87,"column":19},"skip":true},"16":{"start":{"line":79,"column":20},"end":{"line":86,"column":21},"skip":true},"17":{"start":{"line":82,"column":24},"end":{"line":82,"column":43},"skip":true},"18":{"start":{"line":83,"column":24},"end":{"line":83,"column":30},"skip":true},"19":{"start":{"line":85,"column":24},"end":{"line":85,"column":49},"skip":true},"20":{"start":{"line":89,"column":12},"end":{"line":107,"column":13},"skip":true},"21":{"start":{"line":92,"column":16},"end":{"line":102,"column":17},"skip":true},"22":{"start":{"line":93,"column":20},"end":{"line":93,"column":86},"skip":true},"23":{"start":{"line":94,"column":20},"end":{"line":95,"column":45},"skip":true},"24":{"start":{"line":96,"column":20},"end":{"line":96,"column":42},"skip":true},"25":{"start":{"line":97,"column":20},"end":{"line":97,"column":48},"skip":true},"26":{"start":{"line":100,"column":20},"end":{"line":100,"column":85},"skip":true},"27":{"start":{"line":101,"column":20},"end":{"line":101,"column":96},"skip":true},"28":{"start":{"line":103,"column":16},"end":{"line":103,"column":22},"skip":true},"29":{"start":{"line":106,"column":16},"end":{"line":106,"column":22},"skip":true},"30":{"start":{"line":108,"column":12},"end":{"line":120,"column":13},"skip":true},"31":{"start":{"line":114,"column":16},"end":{"line":119,"column":17},"skip":true},"32":{"start":{"line":116,"column":20},"end":{"line":116,"column":78},"skip":true},"33":{"start":{"line":118,"column":20},"end":{"line":118,"column":47},"skip":true},"34":{"start":{"line":123,"column":8},"end":{"line":141,"column":11},"skip":true},"35":{"start":{"line":124,"column":12},"end":{"line":124,"column":54},"skip":true},"36":{"start":{"line":125,"column":12},"end":{"line":140,"column":14},"skip":true},"37":{"start":{"line":126,"column":16},"end":{"line":126,"column":28},"skip":true},"38":{"start":{"line":127,"column":16},"end":{"line":127,"column":69},"skip":true},"39":{"start":{"line":128,"column":16},"end":{"line":128,"column":75},"skip":true},"40":{"start":{"line":129,"column":16},"end":{"line":131,"column":17},"skip":true},"41":{"start":{"line":130,"column":20},"end":{"line":130,"column":27},"skip":true},"42":{"start":{"line":133,"column":16},"end":{"line":137,"column":36},"skip":true},"43":{"start":{"line":134,"column":20},"end":{"line":136,"column":55},"skip":true},"44":{"start":{"line":139,"column":16},"end":{"line":139,"column":57},"skip":true},"45":{"start":{"line":143,"column":8},"end":{"line":147,"column":11},"skip":true},"46":{"start":{"line":144,"column":12},"end":{"line":146,"column":15},"skip":true},"47":{"start":{"line":145,"column":16},"end":{"line":145,"column":70},"skip":true},"48":{"start":{"line":149,"column":8},"end":{"line":149,"column":31},"skip":true},"49":{"start":{"line":150,"column":8},"end":{"line":150,"column":14},"skip":true},"50":{"start":{"line":158,"column":8},"end":{"line":158,"column":31},"skip":true},"51":{"start":{"line":160,"column":8},"end":{"line":160,"column":33},"skip":true},"52":{"start":{"line":161,"column":8},"end":{"line":161,"column":37},"skip":true},"53":{"start":{"line":162,"column":8},"end":{"line":162,"column":35},"skip":true},"54":{"start":{"line":164,"column":8},"end":{"line":164,"column":50},"skip":true},"55":{"start":{"line":166,"column":8},"end":{"line":256,"column":2},"skip":true},"56":{"start":{"line":258,"column":8},"end":{"line":286,"column":9},"skip":true},"57":{"start":{"line":259,"column":12},"end":{"line":269,"column":14},"skip":true},"58":{"start":{"line":271,"column":12},"end":{"line":285,"column":19},"skip":true},"59":{"start":{"line":274,"column":20},"end":{"line":274,"column":35},"skip":true},"60":{"start":{"line":275,"column":20},"end":{"line":284,"column":21},"skip":true},"61":{"start":{"line":277,"column":24},"end":{"line":277,"column":64},"skip":true},"62":{"start":{"line":279,"column":24},"end":{"line":279,"column":40},"skip":true},"63":{"start":{"line":281,"column":24},"end":{"line":281,"column":40},"skip":true},"64":{"start":{"line":283,"column":24},"end":{"line":283,"column":39},"skip":true},"65":{"start":{"line":288,"column":8},"end":{"line":290,"column":9},"skip":true},"66":{"start":{"line":289,"column":12},"end":{"line":289,"column":18},"skip":true},"67":{"start":{"line":291,"column":8},"end":{"line":293,"column":54},"skip":true},"68":{"start":{"line":294,"column":8},"end":{"line":301,"column":37},"skip":true},"69":{"start":{"line":302,"column":8},"end":{"line":302,"column":82},"skip":true},"70":{"start":{"line":305,"column":8},"end":{"line":307,"column":9},"skip":true},"71":{"start":{"line":306,"column":12},"end":{"line":306,"column":82},"skip":true},"72":{"start":{"line":309,"column":8},"end":{"line":311,"column":9},"skip":true},"73":{"start":{"line":310,"column":12},"end":{"line":310,"column":18},"skip":true},"74":{"start":{"line":312,"column":8},"end":{"line":312,"column":54},"skip":true},"75":{"start":{"line":313,"column":8},"end":{"line":313,"column":69},"skip":true},"76":{"start":{"line":314,"column":8},"end":{"line":322,"column":36},"skip":true},"77":{"start":{"line":315,"column":12},"end":{"line":315,"column":61},"skip":true},"78":{"start":{"line":316,"column":12},"end":{"line":319,"column":13},"skip":true},"79":{"start":{"line":317,"column":16},"end":{"line":317,"column":75},"skip":true},"80":{"start":{"line":318,"column":16},"end":{"line":318,"column":23},"skip":true},"81":{"start":{"line":320,"column":12},"end":{"line":320,"column":38},"skip":true},"82":{"start":{"line":321,"column":12},"end":{"line":321,"column":27},"skip":true},"83":{"start":{"line":323,"column":8},"end":{"line":323,"column":14},"skip":true}},"branchMap":{"1":{"line":39,"type":"binary-expr","locations":[{"start":{"line":39,"column":23},"end":{"line":39,"column":62}},{"start":{"line":40,"column":20},"end":{"line":40,"column":70}},{"start":{"line":41,"column":20},"end":{"line":41,"column":71}},{"start":{"line":42,"column":20},"end":{"line":42,"column":29}}]},"2":{"line":44,"type":"binary-expr","locations":[{"start":{"line":44,"column":23},"end":{"line":44,"column":37}},{"start":{"line":45,"column":20},"end":{"line":45,"column":61}},{"start":{"line":46,"column":20},"end":{"line":46,"column":70}},{"start":{"line":47,"column":20},"end":{"line":47,"column":26}}]},"3":{"line":51,"type":"cond-expr","locations":[{"start":{"line":52,"column":14},"end":{"line":52,"column":20}},{"start":{"line":53,"column":14},"end":{"line":53,"column":20}}]},"4":{"line":55,"type":"binary-expr","locations":[{"start":{"line":55,"column":16},"end":{"line":55,"column":44}},{"start":{"line":55,"column":49},"end":{"line":57,"column":43}}]},"5":{"line":55,"type":"cond-expr","locations":[{"start":{"line":56,"column":14},"end":{"line":56,"column":57}},{"start":{"line":57,"column":14},"end":{"line":57,"column":43}}]},"6":{"line":61,"type":"switch","locations":[{"start":{"line":68,"column":4},"end":{"line":150,"column":14},"skip":true},{"start":{"line":156,"column":4},"end":{"line":323,"column":14},"skip":true}]},"7":{"line":70,"type":"if","locations":[{"start":{"line":70,"column":12},"end":{"line":70,"column":12},"skip":true},{"start":{"line":70,"column":12},"end":{"line":70,"column":12},"skip":true}]},"8":{"line":70,"type":"binary-expr","locations":[{"start":{"line":70,"column":16},"end":{"line":70,"column":22},"skip":true},{"start":{"line":70,"column":27},"end":{"line":70,"column":32},"skip":true},{"start":{"line":71,"column":20},"end":{"line":71,"column":39},"skip":true},{"start":{"line":72,"column":20},"end":{"line":72,"column":49},"skip":true},{"start":{"line":73,"column":20},"end":{"line":73,"column":58},"skip":true},{"start":{"line":74,"column":20},"end":{"line":74,"column":69},"skip":true}]},"9":{"line":79,"type":"switch","locations":[{"start":{"line":80,"column":20},"end":{"line":80,"column":33},"skip":true},{"start":{"line":81,"column":20},"end":{"line":83,"column":30},"skip":true},{"start":{"line":84,"column":20},"end":{"line":85,"column":49},"skip":true}]},"10":{"line":89,"type":"switch","locations":[{"start":{"line":90,"column":12},"end":{"line":103,"column":22},"skip":true},{"start":{"line":105,"column":12},"end":{"line":106,"column":22},"skip":true}]},"11":{"line":89,"type":"binary-expr","locations":[{"start":{"line":89,"column":20},"end":{"line":89,"column":25},"skip":true},{"start":{"line":89,"column":29},"end":{"line":89,"column":48},"skip":true},{"start":{"line":89,"column":52},"end":{"line":89,"column":74},"skip":true}]},"12":{"line":92,"type":"if","locations":[{"start":{"line":92,"column":16},"end":{"line":92,"column":16},"skip":true},{"start":{"line":92,"column":16},"end":{"line":92,"column":16},"skip":true}]},"13":{"line":108,"type":"if","locations":[{"start":{"line":108,"column":12},"end":{"line":108,"column":12},"skip":true},{"start":{"line":108,"column":12},"end":{"line":108,"column":12},"skip":true}]},"14":{"line":108,"type":"binary-expr","locations":[{"start":{"line":108,"column":16},"end":{"line":108,"column":61},"skip":true},{"start":{"line":108,"column":66},"end":{"line":108,"column":72},"skip":true},{"start":{"line":108,"column":77},"end":{"line":108,"column":82},"skip":true},{"start":{"line":109,"column":20},"end":{"line":109,"column":39},"skip":true},{"start":{"line":110,"column":20},"end":{"line":110,"column":49},"skip":true},{"start":{"line":111,"column":20},"end":{"line":111,"column":58},"skip":true},{"start":{"line":112,"column":20},"end":{"line":112,"column":68},"skip":true}]},"15":{"line":129,"type":"if","locations":[{"start":{"line":129,"column":16},"end":{"line":129,"column":16},"skip":true},{"start":{"line":129,"column":16},"end":{"line":129,"column":16},"skip":true}]},"16":{"line":134,"type":"cond-expr","locations":[{"start":{"line":135,"column":26},"end":{"line":135,"column":29},"skip":true},{"start":{"line":136,"column":26},"end":{"line":136,"column":54},"skip":true}]},"17":{"line":164,"type":"binary-expr","locations":[{"start":{"line":164,"column":27},"end":{"line":164,"column":43},"skip":true},{"start":{"line":164,"column":47},"end":{"line":164,"column":49},"skip":true}]},"18":{"line":258,"type":"if","locations":[{"start":{"line":258,"column":8},"end":{"line":258,"column":8},"skip":true},{"start":{"line":258,"column":8},"end":{"line":258,"column":8},"skip":true}]},"19":{"line":275,"type":"switch","locations":[{"start":{"line":276,"column":20},"end":{"line":277,"column":64},"skip":true},{"start":{"line":278,"column":20},"end":{"line":279,"column":40},"skip":true},{"start":{"line":280,"column":20},"end":{"line":281,"column":40},"skip":true},{"start":{"line":282,"column":20},"end":{"line":283,"column":39},"skip":true}]},"20":{"line":288,"type":"if","locations":[{"start":{"line":288,"column":8},"end":{"line":288,"column":8},"skip":true},{"start":{"line":288,"column":8},"end":{"line":288,"column":8},"skip":true}]},"21":{"line":288,"type":"binary-expr","locations":[{"start":{"line":288,"column":12},"end":{"line":288,"column":40},"skip":true},{"start":{"line":288,"column":44},"end":{"line":288,"column":67},"skip":true}]},"22":{"line":292,"type":"binary-expr","locations":[{"start":{"line":292,"column":12},"end":{"line":292,"column":50},"skip":true},{"start":{"line":293,"column":12},"end":{"line":293,"column":53},"skip":true}]},"23":{"line":295,"type":"binary-expr","locations":[{"start":{"line":295,"column":12},"end":{"line":295,"column":71},"skip":true},{"start":{"line":296,"column":12},"end":{"line":301,"column":36},"skip":true}]},"24":{"line":302,"type":"binary-expr","locations":[{"start":{"line":302,"column":43},"end":{"line":302,"column":75},"skip":true},{"start":{"line":302,"column":79},"end":{"line":302,"column":81},"skip":true}]},"25":{"line":305,"type":"if","locations":[{"start":{"line":305,"column":8},"end":{"line":305,"column":8},"skip":true},{"start":{"line":305,"column":8},"end":{"line":305,"column":8},"skip":true}]},"26":{"line":309,"type":"if","locations":[{"start":{"line":309,"column":8},"end":{"line":309,"column":8},"skip":true},{"start":{"line":309,"column":8},"end":{"line":309,"column":8},"skip":true}]},"27":{"line":312,"type":"binary-expr","locations":[{"start":{"line":312,"column":27},"end":{"line":312,"column":43},"skip":true},{"start":{"line":312,"column":47},"end":{"line":312,"column":53},"skip":true}]},"28":{"line":316,"type":"if","locations":[{"start":{"line":316,"column":12},"end":{"line":316,"column":12},"skip":true},{"start":{"line":316,"column":12},"end":{"line":316,"column":12},"skip":true}]}},"code":["/*","example.js","","quickstart example","","instruction","    1. save this script as example.js","    2. run the shell command:","        $ npm install npmtest-documentation && PORT=8081 node example.js","    3. play with the browser-demo on http://127.0.0.1:8081","*/","","","","/* istanbul instrument in package npmtest_documentation */","/*jslint","    bitwise: true,","    browser: true,","    maxerr: 8,","    maxlen: 96,","    node: true,","    nomen: true,","    regexp: true,","    stupid: true","*/","(function () {","    'use strict';","    var local;","","","","    // run shared js-env code - pre-init","    (function () {","        // init local","        local = {};","        // init modeJs","        local.modeJs = (function () {","            try {","                return typeof navigator.userAgent === 'string' &&","                    typeof document.querySelector('body') === 'object' &&","                    typeof XMLHttpRequest.prototype.open === 'function' &&","                    'browser';","            } catch (errorCaughtBrowser) {","                return module.exports &&","                    typeof process.versions.node === 'string' &&","                    typeof require('http').createServer === 'function' &&","                    'node';","            }","        }());","        // init global","        local.global = local.modeJs === 'browser'","            ? window","            : global;","        // init utility2_rollup","        local = local.global.utility2_rollup || (local.modeJs === 'browser'","            ? local.global.utility2_npmtest_documentation","            : global.utility2_moduleExports);","        // export local","        local.global.local = local;","    }());","    switch (local.modeJs) {","","","","    // post-init","    // run browser js-env code - post-init","    /* istanbul ignore next */","    case 'browser':","        local.testRunBrowser = function (event) {","            if (!event || (event &&","                    event.currentTarget &&","                    event.currentTarget.className &&","                    event.currentTarget.className.includes &&","                    event.currentTarget.className.includes('onreset'))) {","                // reset output","                Array.from(","                    document.querySelectorAll('body > .resettable')","                ).forEach(function (element) {","                    switch (element.tagName) {","                    case 'INPUT':","                    case 'TEXTAREA':","                        element.value = '';","                        break;","                    default:","                        element.textContent = '';","                    }","                });","            }","            switch (event && event.currentTarget && event.currentTarget.id) {","            case 'testRunButton1':","                // show tests","                if (document.querySelector('#testReportDiv1').style.display === 'none') {","                    document.querySelector('#testReportDiv1').style.display = 'block';","                    document.querySelector('#testRunButton1').textContent =","                        'hide internal test';","                    local.modeTest = true;","                    local.testRunDefault(local);","                // hide tests","                } else {","                    document.querySelector('#testReportDiv1').style.display = 'none';","                    document.querySelector('#testRunButton1').textContent = 'run internal test';","                }","                break;","            // custom-case","            default:","                break;","            }","            if (document.querySelector('#inputTextareaEval1') && (!event || (event &&","                    event.currentTarget &&","                    event.currentTarget.className &&","                    event.currentTarget.className.includes &&","                    event.currentTarget.className.includes('oneval')))) {","                // try to eval input-code","                try {","                    /*jslint evil: true*/","                    eval(document.querySelector('#inputTextareaEval1').value);","                } catch (errorCaught) {","                    console.error(errorCaught);","                }","            }","        };","        // log stderr and stdout to #outputTextareaStdout1","        ['error', 'log'].forEach(function (key) {","            console[key + '_original'] = console[key];","            console[key] = function () {","                var element;","                console[key + '_original'].apply(console, arguments);","                element = document.querySelector('#outputTextareaStdout1');","                if (!element) {","                    return;","                }","                // append text to #outputTextareaStdout1","                element.value += Array.from(arguments).map(function (arg) {","                    return typeof arg === 'string'","                        ? arg","                        : JSON.stringify(arg, null, 4);","                }).join(' ') + '\\n';","                // scroll textarea to bottom","                element.scrollTop = element.scrollHeight;","            };","        });","        // init event-handling","        ['change', 'click', 'keyup'].forEach(function (event) {","            Array.from(document.querySelectorAll('.on' + event)).forEach(function (element) {","                element.addEventListener(event, local.testRunBrowser);","            });","        });","        // run tests","        local.testRunBrowser();","        break;","","","","    // run node js-env code - post-init","    /* istanbul ignore next */","    case 'node':","        // export local","        module.exports = local;","        // require modules","        local.fs = require('fs');","        local.http = require('http');","        local.url = require('url');","        // init assets","        local.assetsDict = local.assetsDict || {};","        /* jslint-ignore-begin */","        local.assetsDict['/assets.index.template.html'] = '\\","<!doctype html>\\n\\","<html lang=\"en\">\\n\\","<head>\\n\\","<meta charset=\"UTF-8\">\\n\\","<meta name=\"viewport\" content=\"width=device-width, initial-scale=1\">\\n\\","<title>{{env.npm_package_name}} (v{{env.npm_package_version}})</title>\\n\\","<style>\\n\\","/*csslint\\n\\","    box-sizing: false,\\n\\","    universal-selector: false\\n\\","*/\\n\\","* {\\n\\","    box-sizing: border-box;\\n\\","}\\n\\","body {\\n\\","    background: #dde;\\n\\","    font-family: Arial, Helvetica, sans-serif;\\n\\","    margin: 2rem;\\n\\","}\\n\\","body > * {\\n\\","    margin-bottom: 1rem;\\n\\","}\\n\\",".utility2FooterDiv {\\n\\","    margin-top: 20px;\\n\\","    text-align: center;\\n\\","}\\n\\","</style>\\n\\","<style>\\n\\","/*csslint\\n\\","*/\\n\\","textarea {\\n\\","    font-family: monospace;\\n\\","    height: 10rem;\\n\\","    width: 100%;\\n\\","}\\n\\","textarea[readonly] {\\n\\","    background: #ddd;\\n\\","}\\n\\","</style>\\n\\","</head>\\n\\","<body>\\n\\","<!-- utility2-comment\\n\\","<div id=\"ajaxProgressDiv1\" style=\"background: #d00; height: 2px; left: 0; margin: 0; padding: 0; position: fixed; top: 0; transition: background 0.5s, width 1.5s; width: 25%;\"></div>\\n\\","utility2-comment -->\\n\\","<h1>\\n\\","<!-- utility2-comment\\n\\","    <a\\n\\","        {{#if env.npm_package_homepage}}\\n\\","        href=\"{{env.npm_package_homepage}}\"\\n\\","        {{/if env.npm_package_homepage}}\\n\\","        target=\"_blank\"\\n\\","    >\\n\\","utility2-comment -->\\n\\","        {{env.npm_package_name}} (v{{env.npm_package_version}})\\n\\","<!-- utility2-comment\\n\\","    </a>\\n\\","utility2-comment -->\\n\\","</h1>\\n\\","<h3>{{env.npm_package_description}}</h3>\\n\\","<!-- utility2-comment\\n\\","<h4><a download href=\"assets.app.js\">download standalone app</a></h4>\\n\\","<button class=\"onclick onreset\" id=\"testRunButton1\">run internal test</button><br>\\n\\","<div id=\"testReportDiv1\" style=\"display: none;\"></div>\\n\\","utility2-comment -->\\n\\","\\n\\","\\n\\","\\n\\","<label>stderr and stdout</label>\\n\\","<textarea class=\"resettable\" id=\"outputTextareaStdout1\" readonly></textarea>\\n\\","<!-- utility2-comment\\n\\","{{#if isRollup}}\\n\\","<script src=\"assets.app.js\"></script>\\n\\","{{#unless isRollup}}\\n\\","utility2-comment -->\\n\\","<script src=\"assets.utility2.rollup.js\"></script>\\n\\","<script src=\"jsonp.utility2._stateInit?callback=window.utility2._stateInit\"></script>\\n\\","<script src=\"assets.npmtest_documentation.rollup.js\"></script>\\n\\","<script src=\"assets.example.js\"></script>\\n\\","<script src=\"assets.test.js\"></script>\\n\\","<!-- utility2-comment\\n\\","{{/if isRollup}}\\n\\","utility2-comment -->\\n\\","<div class=\"utility2FooterDiv\">\\n\\","    [ this app was created with\\n\\","    <a href=\"https://github.com/kaizhu256/node-utility2\" target=\"_blank\">utility2</a>\\n\\","    ]\\n\\","</div>\\n\\","</body>\\n\\","</html>\\n\\","';","        /* jslint-ignore-end */","        if (local.templateRender) {","            local.assetsDict['/'] = local.templateRender(","                local.assetsDict['/assets.index.template.html'],","                {","                    env: local.objectSetDefault(local.env, {","                        npm_package_description: 'the greatest app in the world!',","                        npm_package_name: 'my-app',","                        npm_package_nameAlias: 'my_app',","                        npm_package_version: '0.0.1'","                    })","                }","            );","        } else {","            local.assetsDict['/'] = local.assetsDict['/assets.index.template.html']","                .replace((/\\{\\{env\\.(\\w+?)\\}\\}/g), function (match0, match1) {","                    // jslint-hack","                    String(match0);","                    switch (match1) {","                    case 'npm_package_description':","                        return 'the greatest app in the world!';","                    case 'npm_package_name':","                        return 'my-app';","                    case 'npm_package_nameAlias':","                        return 'my_app';","                    case 'npm_package_version':","                        return '0.0.1';","                    }","                });","        }","        // run the cli","        if (local.global.utility2_rollup || module !== require.main) {","            break;","        }","        local.assetsDict['/assets.example.js'] =","            local.assetsDict['/assets.example.js'] ||","            local.fs.readFileSync(__filename, 'utf8');","        local.assetsDict['/assets.npmtest_documentation.rollup.js'] =","            local.assetsDict['/assets.npmtest_documentation.rollup.js'] ||","            local.fs.readFileSync(","                // buildCustomOrg-hack","                local.npmtest_documentation.__dirname +","                    '/lib.npmtest_documentation.js',","                'utf8'","            ).replace((/^#!/), '//');","        local.assetsDict['/favicon.ico'] = local.assetsDict['/favicon.ico'] || '';","        // if $npm_config_timeout_exit exists,","        // then exit this process after $npm_config_timeout_exit ms","        if (Number(process.env.npm_config_timeout_exit)) {","            setTimeout(process.exit, Number(process.env.npm_config_timeout_exit));","        }","        // start server","        if (local.global.utility2_serverHttp1) {","            break;","        }","        process.env.PORT = process.env.PORT || '8081';","        console.error('server starting on port ' + process.env.PORT);","        local.http.createServer(function (request, response) {","            request.urlParsed = local.url.parse(request.url);","            if (local.assetsDict[request.urlParsed.pathname] !== undefined) {","                response.end(local.assetsDict[request.urlParsed.pathname]);","                return;","            }","            response.statusCode = 404;","            response.end();","        }).listen(process.env.PORT);","        break;","    }","}());",""],"l":{"26":2,"28":2,"33":2,"35":2,"37":2,"38":2,"39":2,"44":1,"51":2,"55":2,"59":2,"61":2,"69":1,"70":2,"76":2,"79":2,"82":2,"83":2,"85":1,"89":2,"92":1,"93":1,"94":1,"96":1,"97":1,"100":1,"101":1,"103":1,"106":1,"108":2,"114":1,"116":1,"118":1,"123":1,"124":2,"125":2,"126":2,"127":2,"128":2,"129":2,"130":1,"133":2,"134":2,"139":2,"143":1,"144":3,"145":1,"149":1,"150":1,"158":1,"160":1,"161":1,"162":1,"164":1,"166":1,"258":1,"259":1,"271":1,"274":6,"275":6,"277":1,"279":2,"281":1,"283":2,"288":1,"289":1,"291":1,"294":1,"302":1,"305":1,"306":1,"309":1,"310":1,"312":1,"313":1,"314":1,"315":1,"316":1,"317":1,"318":1,"320":1,"321":1,"323":1}},"/home/travis/build/npmtest/node-npmtest-documentation/node_modules/documentation/index.js":{"path":"/home/travis/build/npmtest/node-npmtest-documentation/node_modules/documentation/index.js","s":{"1":1,"2":1,"3":0,"4":0,"5":0,"6":0,"7":0,"8":1,"9":0,"10":1,"11":0,"12":0,"13":0,"14":0,"15":0,"16":0,"17":0,"18":0,"19":0,"20":0,"21":0,"22":0,"23":1},"b":{"1":[0,0],"2":[0,0],"3":[0,0],"4":[0,0],"5":[0,0],"6":[0,0],"7":[0,0],"8":[0,0],"9":[0,0],"10":[0,0]},"f":{"1":0,"2":0,"3":0,"4":0,"5":0,"6":0},"fnMap":{"1":{"name":"pipeline","line":28,"loc":{"start":{"line":28,"column":0},"end":{"line":28,"column":20}}},"2":{"name":"(anonymous_2)","line":30,"loc":{"start":{"line":30,"column":9},"end":{"line":30,"column":28}}},"3":{"name":"noop","line":44,"loc":{"start":{"line":44,"column":0},"end":{"line":44,"column":23}}},"4":{"name":"(anonymous_4)","line":71,"loc":{"start":{"line":71,"column":17},"end":{"line":71,"column":55}}},"5":{"name":"(anonymous_5)","line":81,"loc":{"start":{"line":81,"column":35},"end":{"line":81,"column":60}}},"6":{"name":"(anonymous_6)","line":92,"loc":{"start":{"line":92,"column":22},"end":{"line":92,"column":44}}}},"statementMap":{"1":{"start":{"line":3,"column":0},"end":{"line":19,"column":31}},"2":{"start":{"line":28,"column":0},"end":{"line":36,"column":1}},"3":{"start":{"line":29,"column":2},"end":{"line":29,"column":27}},"4":{"start":{"line":30,"column":2},"end":{"line":35,"column":3}},"5":{"start":{"line":31,"column":4},"end":{"line":33,"column":5}},"6":{"start":{"line":32,"column":6},"end":{"line":32,"column":37}},"7":{"start":{"line":34,"column":4},"end":{"line":34,"column":19}},"8":{"start":{"line":44,"column":0},"end":{"line":46,"column":1}},"9":{"start":{"line":45,"column":2},"end":{"line":45,"column":17}},"10":{"start":{"line":71,"column":0},"end":{"line":112,"column":2}},"11":{"start":{"line":72,"column":2},"end":{"line":72,"column":26}},"12":{"start":{"line":74,"column":2},"end":{"line":76,"column":3}},"13":{"start":{"line":75,"column":4},"end":{"line":75,"column":24}},"14":{"start":{"line":78,"column":2},"end":{"line":78,"column":77}},"15":{"start":{"line":79,"column":2},"end":{"line":79,"column":64}},"16":{"start":{"line":81,"column":2},"end":{"line":111,"column":5}},"17":{"start":{"line":82,"column":4},"end":{"line":84,"column":5}},"18":{"start":{"line":83,"column":6},"end":{"line":83,"column":29}},"19":{"start":{"line":85,"column":4},"end":{"line":110,"column":5}},"20":{"start":{"line":86,"column":6},"end":{"line":107,"column":60}},"21":{"start":{"line":93,"column":16},"end":{"line":93,"column":50}},"22":{"start":{"line":109,"column":6},"end":{"line":109,"column":18}},"23":{"start":{"line":114,"column":0},"end":{"line":118,"column":2}}},"branchMap":{"1":{"line":31,"type":"binary-expr","locations":[{"start":{"line":31,"column":20},"end":{"line":31,"column":27}},{"start":{"line":31,"column":31},"end":{"line":31,"column":50}}]},"2":{"line":72,"type":"binary-expr","locations":[{"start":{"line":72,"column":12},"end":{"line":72,"column":19}},{"start":{"line":72,"column":23},"end":{"line":72,"column":25}}]},"3":{"line":74,"type":"if","locations":[{"start":{"line":74,"column":2},"end":{"line":74,"column":2}},{"start":{"line":74,"column":2},"end":{"line":74,"column":2}}]},"4":{"line":78,"type":"cond-expr","locations":[{"start":{"line":78,"column":56},"end":{"line":78,"column":63}},{"start":{"line":78,"column":66},"end":{"line":78,"column":76}}]},"5":{"line":78,"type":"binary-expr","locations":[{"start":{"line":78,"column":17},"end":{"line":78,"column":33}},{"start":{"line":78,"column":37},"end":{"line":78,"column":52}}]},"6":{"line":79,"type":"cond-expr","locations":[{"start":{"line":79,"column":37},"end":{"line":79,"column":45}},{"start":{"line":79,"column":48},"end":{"line":79,"column":63}}]},"7":{"line":82,"type":"if","locations":[{"start":{"line":82,"column":4},"end":{"line":82,"column":4}},{"start":{"line":82,"column":4},"end":{"line":82,"column":4}}]},"8":{"line":88,"type":"cond-expr","locations":[{"start":{"line":88,"column":46},"end":{"line":88,"column":48}},{"start":{"line":88,"column":51},"end":{"line":88,"column":60}}]},"9":{"line":88,"type":"binary-expr","locations":[{"start":{"line":88,"column":11},"end":{"line":88,"column":26}},{"start":{"line":88,"column":30},"end":{"line":88,"column":42}}]},"10":{"line":104,"type":"cond-expr","locations":[{"start":{"line":104,"column":33},"end":{"line":104,"column":39}},{"start":{"line":104,"column":42},"end":{"line":104,"column":46}}]}},"code":["'use strict';","","var sort = require('./lib/sort'),","  nest = require('./lib/nest'),","  filterAccess = require('./lib/filter_access'),","  filterJS = require('./lib/filter_js'),","  dependency = require('./lib/input/dependency'),","  shallow = require('./lib/input/shallow'),","  parseJavaScript = require('./lib/parsers/javascript'),","  polyglot = require('./lib/parsers/polyglot'),","  github = require('./lib/github'),","  hierarchy = require('./lib/hierarchy'),","  inferName = require('./lib/infer/name'),","  inferKind = require('./lib/infer/kind'),","  inferParams = require('./lib/infer/params'),","  inferProperties = require('./lib/infer/properties'),","  inferMembership = require('./lib/infer/membership'),","  inferReturn = require('./lib/infer/return'),","  lint = require('./lib/lint');","","/**"," * Build a pipeline of comment handlers."," * @param {...Function} args - Pipeline elements. Each is a function that accepts"," *  a comment and can return a comment or undefined (to drop that comment)."," * @returns {Function} pipeline"," * @private"," */","function pipeline() {","  var elements = arguments;","  return function (comment) {","    for (var i = 0; comment && i < elements.length; i++) {","      comment = elements[i](comment);","    }","    return comment;","  }","}","","/**"," * A comment handler that returns the comment unchanged."," * @param {Object} comment parsed comment"," * @returns {Object} comment"," * @private"," */","function noop(comment) {","  return comment;","}","","/**"," * Generate JavaScript documentation as a list of parsed JSDoc"," * comments, given a root file as a path."," *"," * @name documentation"," * @param {Array<string>|string} indexes files to process"," * @param {Object} options options"," * @param {Array<string>} options.external a string regex / glob match pattern"," * that defines what external modules will be whitelisted and included in the"," * generated documentation."," * @param {Array<string>} options.transform source transforms given as strings"," * passed to [the module-deps transform option](https://github.com/substack/module-deps)"," * @param {boolean} [options.polyglot=false] parse comments with a regex rather than"," * a proper parser. This enables support of non-JavaScript languages but"," * reduces documentation's ability to infer structure of code."," * @param {boolean} [options.shallow=false] whether to avoid dependency parsing"," * even in JavaScript code. With the polyglot option set, this has no effect."," * @param {Array<string|Object>} [options.order=[]] optional array that"," * defines sorting order of documentation"," * @param {Function} callback to be called when the documentation generation"," * is complete, with (err, result) argumentsj"," * @returns {undefined} calls callback"," */","module.exports = function (indexes, options, callback) {","  options = options || {};","","  if (typeof indexes === 'string') {","    indexes = [indexes];","  }","","  var inputFn = (options.polyglot || options.shallow) ? shallow : dependency;","  var parseFn = (options.polyglot) ? polyglot : parseJavaScript;","","  return inputFn(indexes, options, function (error, inputs) {","    if (error) {","      return callback(error);","    }","    try {","      callback(null,","        filterAccess(","          (options.private || options.lint) ? [] : undefined,","          hierarchy(","            inputs","              .filter(filterJS)","              .reduce(function (memo, file) {","                return memo.concat(parseFn(file));","              }, [])","              .map(pipeline(","                lint.lint,","                inferName(),","                inferKind(),","                inferParams(),","                inferProperties(),","                inferReturn(),","                inferMembership(),","                nest,","                options.github ? github : noop","              ))","              .filter(Boolean)","              .sort(sort.bind(undefined, options.order)))));","    } catch (e) {","      callback(e);","    }","  });","};","","module.exports.formats = {","  html: require('./lib/output/html'),","  md: require('./lib/output/markdown'),","  json: require('./lib/output/json')","};",""],"l":{"3":1,"28":1,"29":0,"30":0,"31":0,"32":0,"34":0,"44":1,"45":0,"71":1,"72":0,"74":0,"75":0,"78":0,"79":0,"81":0,"82":0,"83":0,"85":0,"86":0,"93":0,"109":0,"114":1}},"/home/travis/build/npmtest/node-npmtest-documentation/node_modules/documentation/lib/sort.js":{"path":"/home/travis/build/npmtest/node-npmtest-documentation/node_modules/documentation/lib/sort.js","s":{"1":1,"2":0,"3":0,"4":0,"5":0,"6":1,"7":0,"8":0,"9":0,"10":0,"11":0,"12":0,"13":0,"14":0,"15":0},"b":{"1":[0,0],"2":[0,0],"3":[0,0],"4":[0,0],"5":[0,0],"6":[0,0],"7":[0,0]},"f":{"1":0,"2":0},"fnMap":{"1":{"name":"getSortKey","line":13,"loc":{"start":{"line":13,"column":0},"end":{"line":13,"column":36}}},"2":{"name":"sortDocs","line":34,"loc":{"start":{"line":34,"column":17},"end":{"line":34,"column":48}}}},"statementMap":{"1":{"start":{"line":13,"column":0},"end":{"line":21,"column":1}},"2":{"start":{"line":14,"column":2},"end":{"line":14,"column":49}},"3":{"start":{"line":16,"column":2},"end":{"line":18,"column":3}},"4":{"start":{"line":17,"column":4},"end":{"line":17,"column":30}},"5":{"start":{"line":20,"column":2},"end":{"line":20,"column":13}},"6":{"start":{"line":34,"column":0},"end":{"line":49,"column":2}},"7":{"start":{"line":35,"column":2},"end":{"line":35,"column":27}},"8":{"start":{"line":36,"column":2},"end":{"line":36,"column":27}},"9":{"start":{"line":38,"column":2},"end":{"line":40,"column":3}},"10":{"start":{"line":39,"column":4},"end":{"line":39,"column":17}},"11":{"start":{"line":41,"column":2},"end":{"line":43,"column":3}},"12":{"start":{"line":42,"column":4},"end":{"line":42,"column":14}},"13":{"start":{"line":44,"column":2},"end":{"line":46,"column":3}},"14":{"start":{"line":45,"column":4},"end":{"line":45,"column":13}},"15":{"start":{"line":48,"column":2},"end":{"line":48,"column":28}}},"branchMap":{"1":{"line":14,"type":"binary-expr","locations":[{"start":{"line":14,"column":12},"end":{"line":14,"column":24}},{"start":{"line":14,"column":28},"end":{"line":14,"column":48}}]},"2":{"line":16,"type":"if","locations":[{"start":{"line":16,"column":2},"end":{"line":16,"column":2}},{"start":{"line":16,"column":2},"end":{"line":16,"column":2}}]},"3":{"line":16,"type":"binary-expr","locations":[{"start":{"line":16,"column":6},"end":{"line":16,"column":11}},{"start":{"line":16,"column":15},"end":{"line":16,"column":40}}]},"4":{"line":38,"type":"if","locations":[{"start":{"line":38,"column":2},"end":{"line":38,"column":2}},{"start":{"line":38,"column":2},"end":{"line":38,"column":2}}]},"5":{"line":38,"type":"binary-expr","locations":[{"start":{"line":38,"column":6},"end":{"line":38,"column":27}},{"start":{"line":38,"column":31},"end":{"line":38,"column":52}}]},"6":{"line":41,"type":"if","locations":[{"start":{"line":41,"column":2},"end":{"line":41,"column":2}},{"start":{"line":41,"column":2},"end":{"line":41,"column":2}}]},"7":{"line":44,"type":"if","locations":[{"start":{"line":44,"column":2},"end":{"line":44,"column":2}},{"start":{"line":44,"column":2},"end":{"line":44,"column":2}}]}},"code":["'use strict';","","/**"," * Given a comment, get its sorting key: this is either the comment's"," * name tag, or a hardcoded sorting index given by a user-provided"," * `order` array."," *"," * @param {Object} comment parsed documentation object"," * @param {Array<string>} [order=[]] an optional list of namepaths"," * @returns {string} sortable key"," * @private"," */","function getSortKey(comment, order) {","  var key = comment.name || comment.context.file;","","  if (order && order.indexOf(key) !== -1) {","    return order.indexOf(key);","  }","","  return key;","}","","/**"," * Sort two documentation objects, given an optional order object. Returns"," * a numeric sorting value that is compatible with stream-sort."," *"," * @param {Array<string>} order an array of namepaths that will be sorted"," * in the order given."," * @param {Object} a documentation object"," * @param {Object} b documentation object"," * @return {number} sorting value"," * @private"," */","module.exports = function sortDocs(order, a, b) {","  a = getSortKey(a, order);","  b = getSortKey(b, order);","","  if (typeof a === 'number' && typeof b === 'number') {","    return a - b;","  }","  if (typeof a === 'number') {","    return -1;","  }","  if (typeof b === 'number') {","    return 1;","  }","","  return a.localeCompare(b);","};",""],"l":{"13":1,"14":0,"16":0,"17":0,"20":0,"34":1,"35":0,"36":0,"38":0,"39":0,"41":0,"42":0,"44":0,"45":0,"48":0}},"/home/travis/build/npmtest/node-npmtest-documentation/node_modules/documentation/lib/nest.js":{"path":"/home/travis/build/npmtest/node-npmtest-documentation/node_modules/documentation/lib/nest.js","s":{"1":1,"2":0,"3":0,"4":0,"5":0,"6":0,"7":0,"8":0,"9":0,"10":0,"11":0,"12":0,"13":0,"14":0,"15":0,"16":0,"17":0,"18":0,"19":0,"20":1,"21":0,"22":1},"b":{"1":[0,0],"2":[0,0],"3":[0,0],"4":[0,0],"5":[0,0]},"f":{"1":0,"2":0,"3":0,"4":0},"fnMap":{"1":{"name":"nestTag","line":3,"loc":{"start":{"line":3,"column":0},"end":{"line":3,"column":43}}},"2":{"name":"(anonymous_2)","line":11,"loc":{"start":{"line":11,"column":26},"end":{"line":11,"column":41}}},"3":{"name":"(anonymous_3)","line":14,"loc":{"start":{"line":14,"column":14},"end":{"line":14,"column":30}}},"4":{"name":"nest","line":51,"loc":{"start":{"line":51,"column":0},"end":{"line":51,"column":23}}}},"statementMap":{"1":{"start":{"line":3,"column":0},"end":{"line":37,"column":1}},"2":{"start":{"line":4,"column":2},"end":{"line":6,"column":3}},"3":{"start":{"line":5,"column":4},"end":{"line":5,"column":19}},"4":{"start":{"line":8,"column":2},"end":{"line":9,"column":15}},"5":{"start":{"line":11,"column":2},"end":{"line":32,"column":5}},"6":{"start":{"line":12,"column":4},"end":{"line":12,"column":26}},"7":{"start":{"line":13,"column":4},"end":{"line":16,"column":9}},"8":{"start":{"line":15,"column":8},"end":{"line":15,"column":37}},"9":{"start":{"line":17,"column":4},"end":{"line":31,"column":5}},"10":{"start":{"line":18,"column":6},"end":{"line":18,"column":55}},"11":{"start":{"line":19,"column":6},"end":{"line":26,"column":7}},"12":{"start":{"line":20,"column":8},"end":{"line":23,"column":11}},"13":{"start":{"line":24,"column":8},"end":{"line":24,"column":25}},"14":{"start":{"line":25,"column":8},"end":{"line":25,"column":15}},"15":{"start":{"line":27,"column":6},"end":{"line":27,"column":50}},"16":{"start":{"line":28,"column":6},"end":{"line":28,"column":34}},"17":{"start":{"line":30,"column":6},"end":{"line":30,"column":23}},"18":{"start":{"line":34,"column":2},"end":{"line":34,"column":27}},"19":{"start":{"line":36,"column":2},"end":{"line":36,"column":17}},"20":{"start":{"line":51,"column":0},"end":{"line":54,"column":1}},"21":{"start":{"line":52,"column":2},"end":{"line":53,"column":30}},"22":{"start":{"line":56,"column":0},"end":{"line":56,"column":22}}},"branchMap":{"1":{"line":4,"type":"if","locations":[{"start":{"line":4,"column":2},"end":{"line":4,"column":2}},{"start":{"line":4,"column":2},"end":{"line":4,"column":2}}]},"2":{"line":15,"type":"binary-expr","locations":[{"start":{"line":15,"column":15},"end":{"line":15,"column":19}},{"start":{"line":15,"column":23},"end":{"line":15,"column":36}}]},"3":{"line":17,"type":"if","locations":[{"start":{"line":17,"column":4},"end":{"line":17,"column":4}},{"start":{"line":17,"column":4},"end":{"line":17,"column":4}}]},"4":{"line":19,"type":"if","locations":[{"start":{"line":19,"column":6},"end":{"line":19,"column":6}},{"start":{"line":19,"column":6},"end":{"line":19,"column":6}}]},"5":{"line":27,"type":"binary-expr","locations":[{"start":{"line":27,"column":26},"end":{"line":27,"column":43}},{"start":{"line":27,"column":47},"end":{"line":27,"column":49}}]}},"code":["'use strict';","","function nestTag(comment, tagName, target) {","  if (!comment[target]) {","    return comment;","  }","","  var result = [],","    index = {};","","  comment[target].forEach(function (tag) {","    index[tag.name] = tag;","    var parts = tag.name.split(/(\\[\\])?\\./)","      .filter(function (part) {","        return part && part !== '[]';","      });","    if (parts.length > 1) {","      var parent = index[parts.slice(0, -1).join('.')];","      if (parent === undefined) {","        comment.errors.push({","          message: '@' + tagName + ' ' + tag.name + '\\'s parent ' + parts[0] + ' not found',","          commentLineNumber: tag.lineNumber","        });","        result.push(tag);","        return;","      }","      parent.properties = parent.properties || [];","      parent.properties.push(tag);","    } else {","      result.push(tag);","    }","  });","","  comment[target] = result;","","  return comment;","}","","/**"," * Nests"," * [parameters with properties](http://usejsdoc.org/tags-param.html#parameters-with-properties)."," *"," * A parameter `employee.name` will be attached to the parent parameter `employee` in"," * a `properties` array."," *"," * This assumes that incoming comments have been flattened."," *"," * @param {Object} comment input comment"," * @return {Object} nested comment"," */","function nest(comment) {","  return nestTag(nestTag(comment, 'param', 'params'),","    'property', 'properties');","}","","module.exports = nest;",""],"l":{"3":1,"4":0,"5":0,"8":0,"11":0,"12":0,"13":0,"15":0,"17":0,"18":0,"19":0,"20":0,"24":0,"25":0,"27":0,"28":0,"30":0,"34":0,"36":0,"51":1,"52":0,"56":1}},"/home/travis/build/npmtest/node-npmtest-documentation/node_modules/documentation/lib/filter_access.js":{"path":"/home/travis/build/npmtest/node-npmtest-documentation/node_modules/documentation/lib/filter_access.js","s":{"1":1,"2":1,"3":0,"4":1,"5":0,"6":1,"7":0,"8":0,"9":0,"10":1},"b":{"1":[0,0]},"f":{"1":0,"2":0,"3":0},"fnMap":{"1":{"name":"filterAccess","line":15,"loc":{"start":{"line":15,"column":0},"end":{"line":15,"column":40}}},"2":{"name":"filter","line":18,"loc":{"start":{"line":18,"column":2},"end":{"line":18,"column":27}}},"3":{"name":"recurse","line":22,"loc":{"start":{"line":22,"column":2},"end":{"line":22,"column":28}}}},"statementMap":{"1":{"start":{"line":3,"column":0},"end":{"line":3,"column":29}},"2":{"start":{"line":15,"column":0},"end":{"line":29,"column":1}},"3":{"start":{"line":16,"column":2},"end":{"line":16,"column":33}},"4":{"start":{"line":18,"column":2},"end":{"line":20,"column":3}},"5":{"start":{"line":19,"column":4},"end":{"line":19,"column":49}},"6":{"start":{"line":22,"column":2},"end":{"line":26,"column":3}},"7":{"start":{"line":23,"column":4},"end":{"line":25,"column":5}},"8":{"start":{"line":24,"column":6},"end":{"line":24,"column":69}},"9":{"start":{"line":28,"column":2},"end":{"line":28,"column":48}},"10":{"start":{"line":31,"column":0},"end":{"line":31,"column":30}}},"branchMap":{"1":{"line":16,"type":"binary-expr","locations":[{"start":{"line":16,"column":11},"end":{"line":16,"column":17}},{"start":{"line":16,"column":21},"end":{"line":16,"column":32}}]}},"code":["'use strict';","","var walk = require('./walk');","","/**"," * Exclude given access levels from the generated documentation: this allows"," * users to write documentation for non-public members by using the"," * `@private` tag."," *"," * @public"," * @param {Array<string>} [levels=['private']] excluded access levels."," * @param {Array<Object>} comments parsed comments (can be nested)"," * @return {Array<Object>} filtered comments"," */","function filterAccess(levels, comments) {","  levels = levels || ['private'];","","  function filter(comment) {","    return levels.indexOf(comment.access) === -1;","  }","","  function recurse(comment) {","    for (var scope in comment.members) {","      comment.members[scope] = comment.members[scope].filter(filter);","    }","  }","","  return walk(comments.filter(filter), recurse);","}","","module.exports = filterAccess;",""],"l":{"3":1,"15":1,"16":0,"18":1,"19":0,"22":1,"23":0,"24":0,"28":0,"31":1}},"/home/travis/build/npmtest/node-npmtest-documentation/node_modules/documentation/lib/walk.js":{"path":"/home/travis/build/npmtest/node-npmtest-documentation/node_modules/documentation/lib/walk.js","s":{"1":1,"2":0,"3":0,"4":0,"5":0,"6":0,"7":1},"b":{},"f":{"1":0,"2":0},"fnMap":{"1":{"name":"walk","line":9,"loc":{"start":{"line":9,"column":0},"end":{"line":9,"column":28}}},"2":{"name":"(anonymous_2)","line":10,"loc":{"start":{"line":10,"column":19},"end":{"line":10,"column":38}}}},"statementMap":{"1":{"start":{"line":9,"column":0},"end":{"line":17,"column":1}},"2":{"start":{"line":10,"column":2},"end":{"line":15,"column":5}},"3":{"start":{"line":11,"column":4},"end":{"line":11,"column":16}},"4":{"start":{"line":12,"column":4},"end":{"line":14,"column":5}},"5":{"start":{"line":13,"column":6},"end":{"line":13,"column":39}},"6":{"start":{"line":16,"column":2},"end":{"line":16,"column":18}},"7":{"start":{"line":19,"column":0},"end":{"line":19,"column":22}}},"branchMap":{},"code":["/**"," * Apply a function to all comments within a hierarchy: this iterates"," * through children in the 'members' property."," *"," * @param {Array<Object>} comments an array of nested comments"," * @param {Function} fn a walker function"," * @returns {Array<Object>} comments"," */","function walk(comments, fn) {","  comments.forEach(function (comment) {","    fn(comment);","    for (var scope in comment.members) {","      walk(comment.members[scope], fn);","    }","  });","  return comments;","}","","module.exports = walk;",""],"l":{"9":1,"10":0,"11":0,"12":0,"13":0,"16":0,"19":1}},"/home/travis/build/npmtest/node-npmtest-documentation/node_modules/documentation/lib/filter_js.js":{"path":"/home/travis/build/npmtest/node-npmtest-documentation/node_modules/documentation/lib/filter_js.js","s":{"1":1,"2":0,"3":1},"b":{},"f":{"1":0},"fnMap":{"1":{"name":"filterJS","line":12,"loc":{"start":{"line":12,"column":0},"end":{"line":12,"column":24}}}},"statementMap":{"1":{"start":{"line":12,"column":0},"end":{"line":14,"column":1}},"2":{"start":{"line":13,"column":2},"end":{"line":13,"column":37}},"3":{"start":{"line":16,"column":0},"end":{"line":16,"column":26}}},"branchMap":{},"code":["'use strict';","","/**"," * Node & browserify support requiring JSON files. JSON files can't be documented"," * with JSDoc or parsed with espree, so we filter them out before"," * they reach documentation's machinery."," *"," * @public"," * @param {Object} data a file as an object with 'file' property"," * @return {boolean} whether the file is json"," */","function filterJS(data) {","  return !data.file.match(/\\.json$/);","}","","module.exports = filterJS;",""],"l":{"12":1,"13":0,"16":1}},"/home/travis/build/npmtest/node-npmtest-documentation/node_modules/documentation/lib/input/dependency.js":{"path":"/home/travis/build/npmtest/node-npmtest-documentation/node_modules/documentation/lib/input/dependency.js","s":{"1":1,"2":1,"3":0,"4":0,"5":0,"6":0,"7":0,"8":0,"9":0,"10":0,"11":0,"12":0,"13":0,"14":1},"b":{"1":[0,0]},"f":{"1":0,"2":0,"3":0,"4":0,"5":0,"6":0},"fnMap":{"1":{"name":"dependencyStream","line":22,"loc":{"start":{"line":22,"column":0},"end":{"line":22,"column":54}}},"2":{"name":"(anonymous_2)","line":24,"loc":{"start":{"line":24,"column":12},"end":{"line":24,"column":26}}},"3":{"name":"(anonymous_3)","line":33,"loc":{"start":{"line":33,"column":18},"end":{"line":33,"column":35}}},"4":{"name":"(anonymous_4)","line":37,"loc":{"start":{"line":37,"column":19},"end":{"line":37,"column":36}}},"5":{"name":"(anonymous_5)","line":40,"loc":{"start":{"line":40,"column":17},"end":{"line":40,"column":35}}},"6":{"name":"(anonymous_6)","line":41,"loc":{"start":{"line":41,"column":30},"end":{"line":41,"column":47}}}},"statementMap":{"1":{"start":{"line":3,"column":0},"end":{"line":8,"column":54}},"2":{"start":{"line":22,"column":0},"end":{"line":47,"column":1}},"3":{"start":{"line":23,"column":2},"end":{"line":32,"column":5}},"4":{"start":{"line":25,"column":6},"end":{"line":25,"column":66}},"5":{"start":{"line":33,"column":2},"end":{"line":35,"column":5}},"6":{"start":{"line":34,"column":4},"end":{"line":34,"column":34}},"7":{"start":{"line":36,"column":2},"end":{"line":36,"column":11}},"8":{"start":{"line":37,"column":2},"end":{"line":39,"column":5}},"9":{"start":{"line":38,"column":4},"end":{"line":38,"column":27}},"10":{"start":{"line":40,"column":2},"end":{"line":46,"column":6}},"11":{"start":{"line":41,"column":4},"end":{"line":45,"column":8}},"12":{"start":{"line":43,"column":6},"end":{"line":43,"column":57}},"13":{"start":{"line":44,"column":6},"end":{"line":44,"column":18}},"14":{"start":{"line":49,"column":0},"end":{"line":49,"column":34}}},"branchMap":{"1":{"line":25,"type":"binary-expr","locations":[{"start":{"line":25,"column":13},"end":{"line":25,"column":31}},{"start":{"line":25,"column":35},"end":{"line":25,"column":65}}]}},"code":["'use strict';","","var mdeps = require('module-deps'),","  fs = require('fs'),","  path = require('path'),","  babelify = require('babelify'),","  concat = require('concat-stream'),","  moduleFilters = require('../../lib/module_filters');","","/**"," * Returns a readable stream of dependencies, given an array of entry"," * points and an object of options to provide to module-deps."," *"," * This stream requires filesystem access, and thus isn't suitable"," * for a browser environment."," *"," * @param {Array<string>} indexes paths to entry files as strings"," * @param {Object} options optional options passed"," * @param {Function} callback called with (err, inputs)"," * @returns {undefined} calls callback"," */","function dependencyStream(indexes, options, callback) {","  var md = mdeps({","    filter: function (id) {","      return !!options.external || moduleFilters.internalOnly(id);","    },","    transform: [babelify.configure({","      sourceMap: false,","      stage: 0","    })],","    postFilter: moduleFilters.externals(indexes, options)","  });","  indexes.forEach(function (index) {","    md.write(path.resolve(index));","  });","  md.end();","  md.once('error', function (error) {","    return callback(error);","  });","  md.pipe(concat(function (inputs) {","    callback(null, inputs.map(function (input) {","      // un-transform babelify transformed source","      input.source = fs.readFileSync(input.file, 'utf8');","      return input","    }));","  }));","}","","module.exports = dependencyStream;",""],"l":{"3":1,"22":1,"23":0,"25":0,"33":0,"34":0,"36":0,"37":0,"38":0,"40":0,"41":0,"43":0,"44":0,"49":1}},"/home/travis/build/npmtest/node-npmtest-documentation/node_modules/documentation/lib/module_filters.js":{"path":"/home/travis/build/npmtest/node-npmtest-documentation/node_modules/documentation/lib/module_filters.js","s":{"1":1,"2":1,"3":1,"4":1,"5":0,"6":0,"7":0,"8":0,"9":0,"10":0,"11":0,"12":0,"13":0,"14":0,"15":0,"16":0,"17":0,"18":0,"19":0,"20":0,"21":0},"b":{"1":[0,1],"2":[0,0],"3":[0,0],"4":[0,0],"5":[0,0],"6":[0,0,0]},"f":{"1":0,"2":0,"3":0,"4":0,"5":0},"fnMap":{"1":{"name":"externalModuleFilter","line":26,"loc":{"start":{"line":26,"column":13},"end":{"line":26,"column":61}}},"2":{"name":"(anonymous_2)","line":30,"loc":{"start":{"line":30,"column":36},"end":{"line":30,"column":53}}},"3":{"name":"matchGlob","line":33,"loc":{"start":{"line":33,"column":15},"end":{"line":33,"column":45}}},"4":{"name":"(anonymous_4)","line":53,"loc":{"start":{"line":53,"column":11},"end":{"line":53,"column":36}}},"5":{"name":"(anonymous_5)","line":57,"loc":{"start":{"line":57,"column":14},"end":{"line":57,"column":27}}}},"statementMap":{"1":{"start":{"line":2,"column":0},"end":{"line":2,"column":27}},"2":{"start":{"line":3,"column":0},"end":{"line":3,"column":39}},"3":{"start":{"line":6,"column":0},"end":{"line":9,"column":11}},"4":{"start":{"line":11,"column":0},"end":{"line":62,"column":2}},"5":{"start":{"line":27,"column":4},"end":{"line":27,"column":32}},"6":{"start":{"line":28,"column":4},"end":{"line":51,"column":5}},"7":{"start":{"line":29,"column":6},"end":{"line":29,"column":54}},"8":{"start":{"line":30,"column":6},"end":{"line":50,"column":9}},"9":{"start":{"line":32,"column":8},"end":{"line":32,"column":76}},"10":{"start":{"line":33,"column":8},"end":{"line":49,"column":10}},"11":{"start":{"line":35,"column":10},"end":{"line":37,"column":11}},"12":{"start":{"line":36,"column":12},"end":{"line":36,"column":25}},"13":{"start":{"line":41,"column":10},"end":{"line":45,"column":11}},"14":{"start":{"line":42,"column":12},"end":{"line":42,"column":67}},"15":{"start":{"line":44,"column":12},"end":{"line":44,"column":38}},"16":{"start":{"line":47,"column":10},"end":{"line":47,"column":54}},"17":{"start":{"line":48,"column":10},"end":{"line":48,"column":25}},"18":{"start":{"line":53,"column":4},"end":{"line":60,"column":6}},"19":{"start":{"line":54,"column":6},"end":{"line":54,"column":51}},"20":{"start":{"line":55,"column":6},"end":{"line":59,"column":12}},"21":{"start":{"line":58,"column":10},"end":{"line":58,"column":30}}},"branchMap":{"1":{"line":6,"type":"cond-expr","locations":[{"start":{"line":8,"column":2},"end":{"line":8,"column":13},"skip":true},{"start":{"line":9,"column":2},"end":{"line":9,"column":10}}]},"2":{"line":28,"type":"if","locations":[{"start":{"line":28,"column":4},"end":{"line":28,"column":4}},{"start":{"line":28,"column":4},"end":{"line":28,"column":4}}]},"3":{"line":35,"type":"if","locations":[{"start":{"line":35,"column":10},"end":{"line":35,"column":10}},{"start":{"line":35,"column":10},"end":{"line":35,"column":10}}]},"4":{"line":35,"type":"binary-expr","locations":[{"start":{"line":35,"column":14},"end":{"line":35,"column":19}},{"start":{"line":35,"column":23},"end":{"line":35,"column":27}}]},"5":{"line":41,"type":"if","locations":[{"start":{"line":41,"column":10},"end":{"line":41,"column":10}},{"start":{"line":41,"column":10},"end":{"line":41,"column":10}}]},"6":{"line":55,"type":"binary-expr","locations":[{"start":{"line":55,"column":13},"end":{"line":55,"column":21}},{"start":{"line":55,"column":26},"end":{"line":55,"column":41}},{"start":{"line":56,"column":8},"end":{"line":59,"column":10}}]}},"code":["'use strict';","var path = require('path');","var micromatch = r
[...]
{","      return !!comment.params && [","        u('strong', [u('text', 'Parameters')]),","        paramList(comment.params)","      ];","    }","","    function propertySection(comment) {","      return !!comment.properties && [","        u('strong', [u('text', 'Properties')]),","        propertyList(comment.properties)","      ];","    }","","    function propertyList(properties) {","      return u('list', { ordered: false },","        properties.map(function (property) {","          return u('listItem', [","            u('paragraph', [","              u('inlineCode', property.name),","              u('text', ' '),","              u('strong', [u('text', formatType(property.type))]),","              u('text', ' ')","            ]","            .concat(mdast.parse(formatInlineTags(property.description)).children)","            .filter(Boolean)),","            property.properties && propertyList(property.properties)","          ].filter(Boolean))","        }));","    }","","    function examplesSection(comment) {","      return !!comment.examples && [u('strong', [u('text', 'Examples')])]","        .concat(comment.examples.map(function (example) {","          return u('code', { lang: 'javascript' }, example);","        }));","    }","","    function returnsSection(comment) {","      return !!comment.returns && comment.returns.map(function (returns) {","        return u('paragraph', [","          u('text', 'Returns '),","          u('strong', [u('text', formatType(returns.type))]),","          u('text', ' ')","        ].concat(mdast.parse(formatInlineTags(returns.description)).children))","      });","    }","","    function githubLink(comment) {","      return comment.context.github && u('paragraph', [","        u('link', {","          title: 'Source code on GitHub',","          href: comment.context.github","        }, [u('text', comment.context.path + ':' +","          comment.context.loc.start.line + '-' +","          comment.context.loc.end.line)])","      ]);","    }","","    return [u('heading', { depth: depth }, [u('text', comment.name)])]","    .concat(githubLink(comment))","    .concat(mdast.parse(formatInlineTags(comment.description)).children)","    .concat(paramSection(comment))","    .concat(propertySection(comment))","    .concat(examplesSection(comment))","    .concat(returnsSection(comment))","    .concat(!!comment.members.instance.length &&","      comment.members.instance.reduce(function (memo, child) {","        return memo.concat(generate(depth + 1, child));","      }, []))","    .concat(!!comment.members.static.length &&","      comment.members.static.reduce(function (memo, child) {","        return memo.concat(generate(depth + 1, child));","      }, []))","    .filter(Boolean);","  }","","  return callback(null, u('root', comments.reduce(function (memo, comment) {","    return memo.concat(generate(1, comment));","  }, [])));","}","","module.exports = commentsToAST;",""],"l":{"1":1,"15":1,"25":1,"27":1,"28":0,"29":0,"48":1,"49":0,"55":1,"56":0,"62":1,"63":0,"65":0,"79":1,"80":0,"82":0,"86":1,"87":0,"88":0,"96":1,"97":0,"107":0,"116":0,"120":0,"125":0,"126":0,"130":1}},"/home/travis/build/npmtest/node-npmtest-documentation/node_modules/documentation/lib/markdown_format_type.js":{"path":"/home/travis/build/npmtest/node-npmtest-documentation/node_modules/documentation/lib/markdown_format_type.js","s":{"1":1,"2":0,"3":0,"4":0,"5":0,"6":0,"7":0,"8":0,"9":0,"10":0,"11":0,"12":0,"13":0,"14":1},"b":{"1":[0,0],"2":[0,0,0,0,0,0,0]},"f":{"1":0,"2":0,"3":0},"fnMap":{"1":{"name":"formatType","line":1,"loc":{"start":{"line":1,"column":0},"end":{"line":1,"column":26}}},"2":{"name":"(anonymous_2)","line":9,"loc":{"start":{"line":9,"column":29},"end":{"line":9,"column":48}}},"3":{"name":"(anonymous_3)","line":20,"loc":{"start":{"line":20,"column":28},"end":{"line":20,"column":51}}}},"statementMap":{"1":{"start":{"line":1,"column":0},"end":{"line":26,"column":1}},"2":{"start":{"line":2,"column":2},"end":{"line":4,"column":3}},"3":{"start":{"line":3,"column":4},"end":{"line":3,"column":14}},"4":{"start":{"line":5,"column":2},"end":{"line":25,"column":3}},"5":{"start":{"line":7,"column":4},"end":{"line":7,"column":21}},"6":{"start":{"line":9,"column":4},"end":{"line":11,"column":20}},"7":{"start":{"line":10,"column":6},"end":{"line":10,"column":33}},"8":{"start":{"line":13,"column":4},"end":{"line":13,"column":17}},"9":{"start":{"line":15,"column":4},"end":{"line":15,"column":51}},"10":{"start":{"line":17,"column":4},"end":{"line":17,"column":47}},"11":{"start":{"line":19,"column":4},"end":{"line":22,"column":29}},"12":{"start":{"line":21,"column":8},"end":{"line":21,"column":39}},"13":{"start":{"line":24,"column":4},"end":{"line":24,"column":23}},"14":{"start":{"line":28,"column":0},"end":{"line":28,"column":28}}},"branchMap":{"1":{"line":2,"type":"if","locations":[{"start":{"line":2,"column":2},"end":{"line":2,"column":2}},{"start":{"line":2,"column":2},"end":{"line":2,"column":2}}]},"2":{"line":5,"type":"switch","locations":[{"start":{"line":6,"column":2},"end":{"line":7,"column":21}},{"start":{"line":8,"column":2},"end":{"line":11,"column":20}},{"start":{"line":12,"column":2},"end":{"line":13,"column":17}},{"start":{"line":14,"column":2},"end":{"line":15,"column":51}},{"start":{"line":16,"column":2},"end":{"line":17,"column":47}},{"start":{"line":18,"column":2},"end":{"line":22,"column":29}},{"start":{"line":23,"column":2},"end":{"line":24,"column":23}}]}},"code":["function formatType(type) {","  if (!type) {","    return '';","  }","  switch (type.type) {","  case 'NameExpression':","    return type.name;","  case 'UnionType':","    return type.elements.map(function (element) {","      return formatType(element);","    }).join(' or ');","  case 'AllLiteral':","    return 'Any';","  case 'OptionalType':","    return '[' + formatType(type.expression) + ']';","  case 'RestType':","    return '...' + formatType(type.expression);","  case 'TypeApplication':","    return formatType(type.expression) + '&lt;' +","      type.applications.map(function (application) {","        return formatType(application);","      }).join(', ') + '&gt;';","  case 'UndefinedLiteral':","    return 'undefined';","  }","}","","module.exports = formatType;",""],"l":{"1":1,"2":0,"3":0,"5":0,"7":0,"9":0,"10":0,"13":0,"15":0,"17":0,"19":0,"21":0,"24":0,"28":1}},"/home/travis/build/npmtest/node-npmtest-documentation/node_modules/documentation/lib/format_inline_tags.js":{"path":"/home/travis/build/npmtest/node-npmtest-documentation/node_modules/documentation/lib/format_inline_tags.js","s":{"1":1,"2":1,"3":0,"4":0,"5":0,"6":0,"7":0,"8":0,"9":0,"10":1},"b":{"1":[0,0]},"f":{"1":0},"fnMap":{"1":{"name":"formatInlineTags","line":12,"loc":{"start":{"line":12,"column":0},"end":{"line":12,"column":32}}}},"statementMap":{"1":{"start":{"line":1,"column":0},"end":{"line":1,"column":44}},"2":{"start":{"line":12,"column":0},"end":{"line":25,"column":1}},"3":{"start":{"line":13,"column":2},"end":{"line":13,"column":18}},"4":{"start":{"line":14,"column":2},"end":{"line":14,"column":31}},"5":{"start":{"line":16,"column":2},"end":{"line":22,"column":3}},"6":{"start":{"line":17,"column":4},"end":{"line":21,"column":5}},"7":{"start":{"line":18,"column":6},"end":{"line":18,"column":37}},"8":{"start":{"line":20,"column":6},"end":{"line":20,"column":49}},"9":{"start":{"line":24,"column":2},"end":{"line":24,"column":16}},"10":{"start":{"line":27,"column":0},"end":{"line":27,"column":34}}},"branchMap":{"1":{"line":17,"type":"if","locations":[{"start":{"line":17,"column":4},"end":{"line":17,"column":4}},{"start":{"line":17,"column":4},"end":{"line":17,"column":4}}]}},"code":["var inlineLex = require('jsdoc-inline-lex');","","/**"," * Format link & tutorial tags with simple code inline tags."," *"," * @param {string} text input - typically a description"," * @returns {string} markdown-friendly output"," * @private"," * @example"," * formatInlineTags('{@link Foo}'); // \"`Foo`\""," */","function formatInlineTags(text) {","  var output = '';","  var tokens = inlineLex(text);","","  for (var i = 0; i < tokens.length; i++) {","    if (tokens[i].type === 'text') {","      output += tokens[i].capture[0];","    } else {","      output += '`' + tokens[i].capture[1] + '`';","    }","  }","","  return output;","}","","module.exports = formatInlineTags;",""],"l":{"1":1,"12":1,"13":0,"14":0,"16":0,"17":0,"18":0,"20":0,"24":0,"27":1}},"/home/travis/build/npmtest/node-npmtest-documentation/node_modules/documentation/lib/output/json.js":{"path":"/home/travis/build/npmtest/node-npmtest-documentation/node_modules/documentation/lib/output/json.js","s":{"1":1,"2":1,"3":0,"4":0,"5":0},"b":{},"f":{"1":0,"2":0},"fnMap":{"1":{"name":"(anonymous_1)","line":14,"loc":{"start":{"line":14,"column":17},"end":{"line":14,"column":53}}},"2":{"name":"(anonymous_2)","line":16,"loc":{"start":{"line":16,"column":17},"end":{"line":16,"column":36}}}},"statementMap":{"1":{"start":{"line":3,"column":0},"end":{"line":3,"column":30}},"2":{"start":{"line":14,"column":0},"end":{"line":21,"column":2}},"3":{"start":{"line":16,"column":2},"end":{"line":18,"column":5}},"4":{"start":{"line":17,"column":4},"end":{"line":17,"column":26}},"5":{"start":{"line":20,"column":2},"end":{"line":20,"column":59}}},"branchMap":{},"code":["'use strict';","","var walk = require('../walk');","","/**"," * Formats documentation as a JSON string."," *"," * @param {Array<Object>} comments parsed comments"," * @param {Object} opts Options that can customize the output"," * @param {Function} callback called with null, string"," * @name json"," * @return {undefined} calls callback"," */","module.exports = function (comments, opts, callback) {","","  walk(comments, function (comment) {","    delete comment.errors;","  });","","  return callback(null, JSON.stringify(comments, null, 2));","};",""],"l":{"3":1,"14":1,"16":0,"17":0,"20":0}},"/home/travis/build/npmtest/node-npmtest-documentation/node_modules/documentation/lib/args.js":{"path":"/home/travis/build/npmtest/node-npmtest-documentation/node_modules/documentation/lib/args.js","s":{"1":1,"2":1,"3":0,"4":0,"5":1,"6":0,"7":0,"8":0,"9":0,"10":0,"11":0,"12":0,"13":0,"14":0,"15":0,"16":0,"17":0,"18":0,"19":0,"20":0,"21":0,"22":0,"23":0,"24":0,"25":0},"b":{"1":[0,0],"2":[0,0],"3":[0,0],"4":[0,0],"5":[0,0],"6":[0,0],"7":[0,0],"8":[0,0],"9":[0,0],"10":[0,0]},"f":{"1":0,"2":0,"3":0},"fnMap":{"1":{"name":"parse","line":5,"loc":{"start":{"line":5,"column":0},"end":{"line":5,"column":21}}},"2":{"name":"(anonymous_2)","line":29,"loc":{"start":{"line":29,"column":11},"end":{"line":29,"column":23}}},"3":{"name":"(anonymous_3)","line":75,"loc":{"start":{"line":75,"column":17},"end":{"line":75,"column":33}}}},"statementMap":{"1":{"start":{"line":1,"column":0},"end":{"line":3,"column":48}},"2":{"start":{"line":5,"column":0},"end":{"line":68,"column":1}},"3":{"start":{"line":8,"column":2},"end":{"line":66,"column":14}},"4":{"start":{"line":30,"column":4},"end":{"line":30,"column":41}},"5":{"start":{"line":75,"column":0},"end":{"line":130,"column":1}},"6":{"start":{"line":76,"column":2},"end":{"line":76,"column":25}},"7":{"start":{"line":78,"column":2},"end":{"line":81,"column":14}},"8":{"start":{"line":83,"column":2},"end":{"line":98,"column":3}},"9":{"start":{"line":84,"column":4},"end":{"line":84,"column":20}},"10":{"start":{"line":86,"column":4},"end":{"line":97,"column":5}},"11":{"start":{"line":87,"column":6},"end":{"line":87,"column":52}},"12":{"start":{"line":88,"column":6},"end":{"line":88,"column":38}},"13":{"start":{"line":89,"column":6},"end":{"line":89,"column":28}},"14":{"start":{"line":90,"column":6},"end":{"line":90,"column":37}},"15":{"start":{"line":91,"column":6},"end":{"line":93,"column":7}},"16":{"start":{"line":92,"column":8},"end":{"line":92,"column":43}},"17":{"start":{"line":95,"column":6},"end":{"line":95,"column":23}},"18":{"start":{"line":96,"column":6},"end":{"line":96,"column":96}},"19":{"start":{"line":100,"column":2},"end":{"line":103,"column":3}},"20":{"start":{"line":101,"column":4},"end":{"line":101,"column":21}},"21":{"start":{"line":102,"column":4},"end":{"line":102,"column":89}},"22":{"start":{"line":105,"column":2},"end":{"line":105,"column":18}},"23":{"start":{"line":107,"column":2},"end":{"line":109,"column":3}},"24":{"start":{"line":108,"column":4},"end":{"line":108,"column":37}},"25":{"start":{"line":111,"column":2},"end":{"line":129,"column":3}}},"branchMap":{"1":{"line":83,"type":"if","locations":[{"start":{"line":83,"column":2},"end":{"line":83,"column":2}},{"start":{"line":83,"column":2},"end":{"line":83,"column":2}}]},"2":{"line":88,"type":"binary-expr","locations":[{"start":{"line":88,"column":16},"end":{"line":88,"column":22}},{"start":{"line":88,"column":26},"end":{"line":88,"column":36}}]},"3":{"line":89,"type":"binary-expr","locations":[{"start":{"line":89,"column":13},"end":{"line":89,"column":17}},{"start":{"line":89,"column":21},"end":{"line":89,"column":27}}]},"4":{"line":90,"type":"binary-expr","locations":[{"start":{"line":90,"column":16},"end":{"line":90,"column":23}},{"start":{"line":90,"column":27},"end":{"line":90,"column":36}}]},"5":{"line":91,"type":"if","locations":[{"start":{"line":91,"column":6},"end":{"line":91,"column":6}},{"start":{"line":91,"column":6},"end":{"line":91,"column":6}}]},"6":{"line":91,"type":"binary-expr","locations":[{"start":{"line":91,"column":10},"end":{"line":91,"column":22}},{"start":{"line":91,"column":26},"end":{"line":91,"column":48}}]},"7":{"line":100,"type":"if","locations":[{"start":{"line":100,"column":2},"end":{"line":100,"column":2}},{"start":{"line":100,"column":2},"end":{"line":100,"column":2}}]},"8":{"line":100,"type":"binary-expr","locations":[{"start":{"line":100,"column":6},"end":{"line":100,"column":23}},{"start":{"line":100,"column":27},"end":{"line":100,"column":46}}]},"9":{"line":107,"type":"if","locations":[{"start":{"line":107,"column":2},"end":{"line":107,"column":2}},{"start":{"line":107,"column":2},"end":{"line":107,"column":2}}]},"10":{"line":119,"type":"binary-expr","locations":[{"start":{"line":119,"column":13},"end":{"line":119,"column":25}},{"start":{"line":119,"column":29},"end":{"line":119,"column":31}}]}},"code":["var path = require('path'),","  yargs = require('yargs'),","  loadConfig = require('../lib/load_config.js');","","function parse(args) {","  // reset() needs to be called at parse time because the yargs module uses an","  // internal global variable to hold option state","  return yargs.reset()","  .usage('Usage: $0 <command> [options]')","","  .option('f', {","    alias: 'format',","    default: 'json',","    choices: ['json', 'md', 'html']","  })","","  .option('lint', {","    describe: 'check output for common style and uniformity mistakes',","    type: 'boolean'","  })","","  .describe('t', 'specify a theme: this must be a valid theme module')","  .alias('t', 'theme')","","  .boolean('p')","  .describe('p', 'generate documentation tagged as private')","  .alias('p', 'private')","","  .version(function () {","    return require('../package').version;","  })","","  .describe('name', 'project name. by default, inferred from package.json')","  .describe('project-version', 'project version. by default, inferred from package.json')","","  .option('shallow', {","    describe: 'shallow mode turns off dependency resolution, ' +","    'only processing the specified files (or the main script specified in package.json)',","    default: false,","    type: 'boolean'","  })","","  .boolean('polyglot')","  .describe('polyglot', 'polyglot mode turns off dependency resolution and ' +","            'enables multi-language support. use this to document c++')","","  .boolean('g')","  .describe('g', 'infer links to github in documentation')","  .alias('g', 'github')","","  .option('o', {","    describe: 'output location. omit for stdout, otherwise is a filename ' +","      'for single-file outputs and a directory name for multi-file outputs like html',","    alias: 'output',","    default: 'stdout'","  })","","  .describe('c', 'configuration file. an array defining explicit sort order')","  .alias('c', 'config')","","  .help('h')","  .alias('h', 'help')","","  .example('$0 foo.js', 'parse documentation in a given file')","","  .parse(args)","","}","/**"," * Parse and validate command-line options for documentation."," * @param {Array} args The array of arguments to parse; e.g. process.argv.slice(2)."," * @return {object} {inputs, options, formatter, formatterOptions, output}"," * @private"," */","module.exports = function (args) {","  var argv = parse(args);","","  var inputs,","    name = argv.name,","    version = argv['project-version'],","    transform;","","  if (argv._.length > 0) {","    inputs = argv._;","  } else {","    try {","      var p = require(path.resolve('package.json'));","      inputs = [p.main || 'index.js'];","      name = name || p.name;","      version = version || p.version;","      if (p.browserify && p.browserify.transform) {","        transform = p.browserify.transform;","      }","    } catch (e) {","      yargs.showHelp();","      throw new Error('documentation was given no files and was not run in a module directory');","    }","  }","","  if (argv.f === 'html' && argv.o === 'stdout') {","    yargs.showHelp();","    throw new Error('The HTML output mode requires a destination directory set with -o');","  }","","  var config = {};","","  if (argv.config) {","    config = loadConfig(argv.config);","  }","","  return {","    inputs: inputs,","    options: {","      private: argv.private,","      transform: transform,","      lint: argv.lint,","      github: argv.github,","      polyglot: argv.polyglot,","      order: config.order || [],","      shallow: argv.shallow","    },","    formatter: argv.f,","    formatterOptions: {","      name: name,","      version: version,","      theme: argv.theme","    },","    output: argv.o","  }","}","","",""],"l":{"1":1,"5":1,"8":0,"30":0,"75":1,"76":0,"78":0,"83":0,"84":0,"86":0,"87":0,"88":0,"89":0,"90":0,"91":0,"92":0,"95":0,"96":0,"100":0,"101":0,"102":0,"105":0,"107":0,"108":0,"111":0}},"/home/travis/build/npmtest/node-npmtest-documentation/node_modules/documentation/lib/load_config.js":{"path":"/home/travis/build/npmtest/node-npmtest-documentation/node_modules/documentation/lib/load_config.js","s":{"1":1,"2":1,"3":0,"4":0,"5":0,"6":0,"7":1},"b":{},"f":{"1":0},"fnMap":{"1":{"name":"loadConfig","line":17,"loc":{"start":{"line":17,"column":0},"end":{"line":17,"column":30}}}},"statementMap":{"1":{"start":{"line":3,"column":0},"end":{"line":6,"column":49}},"2":{"start":{"line":17,"column":0},"end":{"line":30,"column":1}},"3":{"start":{"line":18,"column":2},"end":{"line":29,"column":3}},"4":{"start":{"line":19,"column":4},"end":{"line":22,"column":59}},"5":{"start":{"line":24,"column":4},"end":{"line":27,"column":16}},"6":{"start":{"line":28,"column":4},"end":{"line":28,"column":12}},"7":{"start":{"line":32,"column":0},"end":{"line":32,"column":28}}},"branchMap":{},"code":["'use strict';","","var yaml = require('js-yaml'),","  fs = require('fs'),","  path = require('path'),","  stripComments = require('strip-json-comments');","","/**"," * Try to load a configuration file: since this is configuration, we're"," * lenient with respect to its structure. It can be JSON or YAML,"," * and can contain comments, unlike normal JSON."," *"," * @param {string} filePath the user-provided path to configuration"," * @returns {Object} configuration, if it can be parsed"," * @throws {Error} if the file cannot be read."," */","function loadConfig(filePath) {","  try {","    return yaml.safeLoad(","      stripComments(","        fs.readFileSync(","          path.resolve(process.cwd(), filePath), 'utf8')));","  } catch (e) {","    e.message = 'Cannot read config file: ' +","      filePath +","      '\\nError: ' +","      e.message;","    throw e;","  }","}","","module.exports = loadConfig;",""],"l":{"3":1,"17":1,"18":0,"19":0,"24":0,"28":0,"32":1}}}